13-Mar-2024 19:10:06.303 INFO [http-nio-9999-exec-29] org.apache.catalina.core.ApplicationContext.log Manager: list: Listing contexts for virtual host 'localhost'
13-Mar-2024 19:10:06.318 INFO [http-nio-9999-exec-30] org.apache.catalina.core.ApplicationContext.log Manager: list: Listing contexts for virtual host 'localhost'
13-Mar-2024 19:10:07.233 INFO [http-nio-9999-exec-21] org.apache.catalina.core.ApplicationContext.log Manager: undeploy: Undeploying web application at '/shopping-cart'
13-Mar-2024 19:10:07.851 INFO [http-nio-9999-exec-26] org.apache.catalina.core.ApplicationContext.log Manager: install: Installing context configuration at 'file:/C:/Users/DINHNG~1/AppData/Local/Temp/context7226530433467231651.xml'
13-Mar-2024 19:10:11.192 INFO [http-nio-9999-exec-24] org.apache.catalina.core.ApplicationContext.log Manager: start: Starting web application '/shopping-cart'
13-Mar-2024 19:10:14.288 INFO [http-nio-9999-exec-23] org.apache.catalina.core.ApplicationContext.log Manager: list: Listing contexts for virtual host 'localhost'
13-Mar-2024 19:10:15.348 INFO [http-nio-9999-exec-28] org.apache.catalina.core.ApplicationContext.log Manager: restart: Reloading web application '/shopping-cart'
13-Mar-2024 19:19:18.369 INFO [http-nio-9999-exec-38] org.apache.catalina.core.ApplicationContext.log Manager: list: Listing contexts for virtual host 'localhost'
13-Mar-2024 19:19:18.520 INFO [http-nio-9999-exec-41] org.apache.catalina.core.ApplicationContext.log Manager: undeploy: Undeploying web application at '/shopping-cart'
13-Mar-2024 19:19:19.080 INFO [http-nio-9999-exec-37] org.apache.catalina.core.ApplicationContext.log Manager: install: Installing context configuration at 'file:/C:/Users/DINHNG~1/AppData/Local/Temp/context4162772263714692426.xml'
13-Mar-2024 19:19:21.861 INFO [http-nio-9999-exec-43] org.apache.catalina.core.ApplicationContext.log Manager: start: Starting web application '/shopping-cart'
13-Mar-2024 19:38:44.602 INFO [http-nio-9999-exec-1] org.apache.catalina.core.ApplicationContext.log Manager: init: Associated with Deployer 'Catalina:type=Deployer,host=localhost'
13-Mar-2024 19:38:44.602 INFO [http-nio-9999-exec-1] org.apache.catalina.core.ApplicationContext.log Manager: init: Global resources are available
13-Mar-2024 19:38:44.665 INFO [http-nio-9999-exec-3] org.apache.catalina.core.ApplicationContext.log Manager: list: Listing contexts for virtual host 'localhost'
13-Mar-2024 19:38:44.672 INFO [http-nio-9999-exec-11] org.apache.catalina.core.ApplicationContext.log Manager: list: Listing contexts for virtual host 'localhost'
13-Mar-2024 19:38:45.177 INFO [http-nio-9999-exec-4] org.apache.catalina.core.ApplicationContext.log Manager: undeploy: Undeploying web application at '/shopping-cart'
13-Mar-2024 19:38:45.759 INFO [http-nio-9999-exec-3] org.apache.catalina.core.ApplicationContext.log Manager: install: Installing context configuration at 'file:/C:/Users/DINHNG~1/AppData/Local/Temp/context6641368077057919216.xml'
13-Mar-2024 19:38:46.402 INFO [http-nio-9999-exec-8] org.apache.catalina.core.ApplicationContext.log Manager: start: Starting web application '/shopping-cart'
13-Mar-2024 19:42:07.651 INFO [http-nio-9999-exec-22] org.apache.catalina.core.ApplicationContext.log Manager: list: Listing contexts for virtual host 'localhost'
13-Mar-2024 19:42:11.705 INFO [http-nio-9999-exec-16] org.apache.catalina.core.ApplicationContext.log Manager: list: Listing contexts for virtual host 'localhost'
13-Mar-2024 19:42:11.709 INFO [http-nio-9999-exec-23] org.apache.catalina.core.ApplicationContext.log Manager: list: Listing contexts for virtual host 'localhost'
13-Mar-2024 19:42:12.145 INFO [http-nio-9999-exec-18] org.apache.catalina.core.ApplicationContext.log Manager: undeploy: Undeploying web application at '/shopping-cart'
13-Mar-2024 19:42:12.693 INFO [http-nio-9999-exec-22] org.apache.catalina.core.ApplicationContext.log Manager: install: Installing context configuration at 'file:/C:/Users/DINHNG~1/AppData/Local/Temp/context826927191134157557.xml'
13-Mar-2024 19:42:13.668 INFO [http-nio-9999-exec-21] org.apache.catalina.core.ApplicationContext.log Manager: start: Starting web application '/shopping-cart'
13-Mar-2024 19:42:52.085 INFO [http-nio-9999-exec-24] org.apache.catalina.core.ApplicationContext.log Manager: list: Listing contexts for virtual host 'localhost'
13-Mar-2024 19:48:18.869 INFO [http-nio-9999-exec-32] org.apache.catalina.core.ApplicationContext.log Manager: list: Listing contexts for virtual host 'localhost'
13-Mar-2024 19:48:18.875 INFO [http-nio-9999-exec-33] org.apache.catalina.core.ApplicationContext.log Manager: list: Listing contexts for virtual host 'localhost'
13-Mar-2024 19:48:19.007 INFO [http-nio-9999-exec-28] org.apache.catalina.core.ApplicationContext.log Manager: undeploy: Undeploying web application at '/shopping-cart'
13-Mar-2024 19:48:19.569 INFO [http-nio-9999-exec-33] org.apache.catalina.core.ApplicationContext.log Manager: install: Installing context configuration at 'file:/C:/Users/DINHNG~1/AppData/Local/Temp/context8809992022636476139.xml'
13-Mar-2024 19:48:21.967 INFO [http-nio-9999-exec-30] org.apache.catalina.core.ApplicationContext.log Manager: start: Starting web application '/shopping-cart'
13-Mar-2024 19:49:26.497 INFO [http-nio-9999-exec-36] org.apache.catalina.core.ApplicationContext.log Manager: list: Listing contexts for virtual host 'localhost'
13-Mar-2024 19:49:27.981 INFO [http-nio-9999-exec-40] org.apache.catalina.core.ApplicationContext.log Manager: list: Listing contexts for virtual host 'localhost'
13-Mar-2024 19:49:28.002 INFO [http-nio-9999-exec-39] org.apache.catalina.core.ApplicationContext.log Manager: restart: Reloading web application '/shopping-cart'
13-Mar-2024 19:49:31.171 INFO [http-nio-9999-exec-36] org.apache.catalina.core.ApplicationContext.log Manager: list: Listing contexts for virtual host 'localhost'
13-Mar-2024 19:49:31.189 INFO [http-nio-9999-exec-38] org.apache.catalina.core.ApplicationContext.log Manager: restart: Reloading web application '/shopping-cart'
13-Mar-2024 19:49:33.700 INFO [http-nio-9999-exec-37] org.apache.catalina.core.ApplicationContext.log Manager: list: Listing contexts for virtual host 'localhost'
13-Mar-2024 19:49:33.716 INFO [http-nio-9999-exec-38] org.apache.catalina.core.ApplicationContext.log Manager: undeploy: Undeploying web application at '/shopping-cart'
13-Mar-2024 19:49:47.531 INFO [http-nio-9999-exec-41] org.apache.catalina.core.ApplicationContext.log Manager: list: Listing contexts for virtual host 'localhost'
13-Mar-2024 19:49:47.535 INFO [http-nio-9999-exec-36] org.apache.catalina.core.ApplicationContext.log Manager: list: Listing contexts for virtual host 'localhost'
13-Mar-2024 19:49:47.607 INFO [http-nio-9999-exec-35] org.apache.catalina.core.ApplicationContext.log Manager: install: Installing context configuration at 'file:/C:/Users/DINHNG~1/AppData/Local/Temp/context1830240375647348157.xml'
13-Mar-2024 19:49:48.963 INFO [http-nio-9999-exec-38] org.apache.catalina.core.ApplicationContext.log Manager: start: Starting web application '/shopping-cart'
13-Mar-2024 19:51:38.474 INFO [http-nio-9999-exec-42] org.apache.catalina.core.ApplicationContext.log Manager: list: Listing contexts for virtual host 'localhost'
13-Mar-2024 19:51:38.482 INFO [http-nio-9999-exec-53] org.apache.catalina.core.ApplicationContext.log Manager: list: Listing contexts for virtual host 'localhost'
13-Mar-2024 19:51:38.666 INFO [http-nio-9999-exec-47] org.apache.catalina.core.ApplicationContext.log Manager: undeploy: Undeploying web application at '/shopping-cart'
13-Mar-2024 19:51:39.229 INFO [http-nio-9999-exec-50] org.apache.catalina.core.ApplicationContext.log Manager: install: Installing context configuration at 'file:/C:/Users/DINHNG~1/AppData/Local/Temp/context4825374663011932580.xml'
13-Mar-2024 19:51:41.745 INFO [http-nio-9999-exec-53] org.apache.catalina.core.ApplicationContext.log Manager: start: Starting web application '/shopping-cart'
13-Mar-2024 19:52:46.773 INFO [http-nio-9999-exec-61] org.apache.catalina.core.ApplicationContext.log Manager: list: Listing contexts for virtual host 'localhost'
13-Mar-2024 19:52:46.776 INFO [http-nio-9999-exec-55] org.apache.catalina.core.ApplicationContext.log Manager: list: Listing contexts for virtual host 'localhost'
13-Mar-2024 19:52:46.851 INFO [http-nio-9999-exec-62] org.apache.catalina.core.ApplicationContext.log Manager: undeploy: Undeploying web application at '/shopping-cart'
13-Mar-2024 19:52:47.382 INFO [http-nio-9999-exec-60] org.apache.catalina.core.ApplicationContext.log Manager: install: Installing context configuration at 'file:/C:/Users/DINHNG~1/AppData/Local/Temp/context4691143407774838959.xml'
13-Mar-2024 19:52:48.074 INFO [http-nio-9999-exec-55] org.apache.catalina.core.ApplicationContext.log Manager: start: Starting web application '/shopping-cart'
13-Mar-2024 20:00:30.114 INFO [http-nio-9999-exec-64] org.apache.catalina.core.ApplicationContext.log Manager: list: Listing contexts for virtual host 'localhost'
13-Mar-2024 20:00:30.136 INFO [http-nio-9999-exec-70] org.apache.catalina.core.ApplicationContext.log Manager: restart: Reloading web application '/shopping-cart'
13-Mar-2024 20:00:35.692 INFO [http-nio-9999-exec-72] org.apache.catalina.core.ApplicationContext.log Manager: list: Listing contexts for virtual host 'localhost'
13-Mar-2024 20:00:35.697 INFO [http-nio-9999-exec-71] org.apache.catalina.core.ApplicationContext.log Manager: list: Listing contexts for virtual host 'localhost'
13-Mar-2024 20:00:35.786 INFO [http-nio-9999-exec-66] org.apache.catalina.core.ApplicationContext.log Manager: undeploy: Undeploying web application at '/shopping-cart'
13-Mar-2024 20:00:36.320 INFO [http-nio-9999-exec-73] org.apache.catalina.core.ApplicationContext.log Manager: install: Installing context configuration at 'file:/C:/Users/DINHNG~1/AppData/Local/Temp/context8189339437091581666.xml'
13-Mar-2024 20:00:37.106 INFO [http-nio-9999-exec-64] org.apache.catalina.core.ApplicationContext.log Manager: start: Starting web application '/shopping-cart'
13-Mar-2024 20:10:52.794 INFO [http-nio-9999-exec-76] org.apache.catalina.core.ApplicationContext.log Manager: list: Listing contexts for virtual host 'localhost'
13-Mar-2024 20:10:52.803 INFO [http-nio-9999-exec-84] org.apache.catalina.core.ApplicationContext.log Manager: list: Listing contexts for virtual host 'localhost'
13-Mar-2024 20:10:53.023 INFO [http-nio-9999-exec-85] org.apache.catalina.core.ApplicationContext.log Manager: undeploy: Undeploying web application at '/shopping-cart'
13-Mar-2024 20:10:53.565 INFO [http-nio-9999-exec-82] org.apache.catalina.core.ApplicationContext.log Manager: install: Installing context configuration at 'file:/C:/Users/DINHNG~1/AppData/Local/Temp/context7671864579886576348.xml'
13-Mar-2024 20:10:54.204 INFO [http-nio-9999-exec-83] org.apache.catalina.core.ApplicationContext.log Manager: start: Starting web application '/shopping-cart'
13-Mar-2024 20:11:53.007 INFO [http-nio-9999-exec-89] org.apache.catalina.core.ApplicationContext.log Manager: list: Listing contexts for virtual host 'localhost'
13-Mar-2024 20:11:53.014 INFO [http-nio-9999-exec-90] org.apache.catalina.core.ApplicationContext.log Manager: list: Listing contexts for virtual host 'localhost'
13-Mar-2024 20:11:53.150 INFO [http-nio-9999-exec-91] org.apache.catalina.core.ApplicationContext.log Manager: undeploy: Undeploying web application at '/shopping-cart'
13-Mar-2024 20:11:53.687 INFO [http-nio-9999-exec-89] org.apache.catalina.core.ApplicationContext.log Manager: install: Installing context configuration at 'file:/C:/Users/DINHNG~1/AppData/Local/Temp/context3765564116033226386.xml'
13-Mar-2024 20:11:54.547 INFO [http-nio-9999-exec-87] org.apache.catalina.core.ApplicationContext.log Manager: start: Starting web application '/shopping-cart'
13-Mar-2024 20:13:00.650 INFO [http-nio-9999-exec-100] org.apache.catalina.core.ApplicationContext.log Manager: list: Listing contexts for virtual host 'localhost'
13-Mar-2024 20:13:00.665 INFO [http-nio-9999-exec-83] org.apache.catalina.core.ApplicationContext.log Manager: undeploy: Undeploying web application at '/shopping-cart'
13-Mar-2024 20:14:15.614 INFO [http-nio-9999-exec-97] org.apache.catalina.core.ApplicationContext.log Manager: list: Listing contexts for virtual host 'localhost'
13-Mar-2024 20:14:15.619 INFO [http-nio-9999-exec-96] org.apache.catalina.core.ApplicationContext.log Manager: list: Listing contexts for virtual host 'localhost'
13-Mar-2024 20:14:15.679 INFO [http-nio-9999-exec-103] org.apache.catalina.core.ApplicationContext.log Manager: install: Installing context configuration at 'file:/C:/Users/DINHNG~1/AppData/Local/Temp/context614177129658903257.xml'
13-Mar-2024 20:14:16.413 INFO [http-nio-9999-exec-83] org.apache.catalina.core.ApplicationContext.log Manager: start: Starting web application '/shopping-cart'
13-Mar-2024 20:15:03.354 INFO [http-nio-9999-exec-96] org.apache.catalina.core.ApplicationContext.log Manager: list: Listing contexts for virtual host 'localhost'
13-Mar-2024 20:15:03.357 INFO [http-nio-9999-exec-102] org.apache.catalina.core.ApplicationContext.log Manager: list: Listing contexts for virtual host 'localhost'
13-Mar-2024 20:15:03.430 INFO [http-nio-9999-exec-95] org.apache.catalina.core.ApplicationContext.log Manager: undeploy: Undeploying web application at '/shopping-cart'
13-Mar-2024 20:15:03.975 INFO [http-nio-9999-exec-102] org.apache.catalina.core.ApplicationContext.log Manager: install: Installing context configuration at 'file:/C:/Users/DINHNG~1/AppData/Local/Temp/context4253482648363598698.xml'
13-Mar-2024 20:15:04.694 INFO [http-nio-9999-exec-94] org.apache.catalina.core.ApplicationContext.log Manager: start: Starting web application '/shopping-cart'
13-Mar-2024 20:16:22.026 INFO [http-nio-9999-exec-106] org.apache.catalina.core.ApplicationContext.log Manager: list: Listing contexts for virtual host 'localhost'
13-Mar-2024 20:16:22.041 INFO [http-nio-9999-exec-103] org.apache.catalina.core.ApplicationContext.log Manager: list: Listing contexts for virtual host 'localhost'
13-Mar-2024 20:16:22.338 INFO [http-nio-9999-exec-107] org.apache.catalina.core.ApplicationContext.log Manager: undeploy: Undeploying web application at '/shopping-cart'
13-Mar-2024 20:16:22.925 INFO [http-nio-9999-exec-112] org.apache.catalina.core.ApplicationContext.log Manager: install: Installing context configuration at 'file:/C:/Users/DINHNG~1/AppData/Local/Temp/context5417404649529001920.xml'
13-Mar-2024 20:16:25.583 INFO [http-nio-9999-exec-110] org.apache.catalina.core.ApplicationContext.log Manager: start: Starting web application '/shopping-cart'
13-Mar-2024 20:22:19.466 INFO [http-nio-9999-exec-123] org.apache.catalina.core.ApplicationContext.log Manager: list: Listing contexts for virtual host 'localhost'
13-Mar-2024 20:22:19.472 INFO [http-nio-9999-exec-124] org.apache.catalina.core.ApplicationContext.log Manager: list: Listing contexts for virtual host 'localhost'
13-Mar-2024 20:22:19.611 INFO [http-nio-9999-exec-115] org.apache.catalina.core.ApplicationContext.log Manager: undeploy: Undeploying web application at '/shopping-cart'
13-Mar-2024 20:22:20.167 INFO [http-nio-9999-exec-117] org.apache.catalina.core.ApplicationContext.log Manager: install: Installing context configuration at 'file:/C:/Users/DINHNG~1/AppData/Local/Temp/context341947354597901192.xml'
13-Mar-2024 20:22:20.927 INFO [http-nio-9999-exec-120] org.apache.catalina.core.ApplicationContext.log Manager: start: Starting web application '/shopping-cart'
13-Mar-2024 20:34:13.854 INFO [http-nio-9999-exec-125] org.apache.catalina.core.ApplicationContext.log Manager: list: Listing contexts for virtual host 'localhost'
13-Mar-2024 20:34:13.856 INFO [http-nio-9999-exec-127] org.apache.catalina.core.ApplicationContext.log Manager: list: Listing contexts for virtual host 'localhost'
13-Mar-2024 20:34:13.938 INFO [http-nio-9999-exec-132] org.apache.catalina.core.ApplicationContext.log Manager: undeploy: Undeploying web application at '/shopping-cart'
13-Mar-2024 20:34:14.464 INFO [http-nio-9999-exec-138] org.apache.catalina.core.ApplicationContext.log Manager: install: Installing context configuration at 'file:/C:/Users/DINHNG~1/AppData/Local/Temp/context6589420333871454986.xml'
13-Mar-2024 20:34:15.151 INFO [http-nio-9999-exec-125] org.apache.catalina.core.ApplicationContext.log Manager: start: Starting web application '/shopping-cart'
13-Mar-2024 20:34:16.198 INFO [http-nio-9999-exec-137] org.apache.catalina.core.ApplicationContext.log Manager: list: Listing contexts for virtual host 'localhost'
13-Mar-2024 20:34:16.758 INFO [http-nio-9999-exec-139] org.apache.catalina.core.ApplicationContext.log Manager: restart: Reloading web application '/shopping-cart'
13-Mar-2024 20:34:19.346 INFO [http-nio-9999-exec-131] org.apache.catalina.core.ApplicationContext.log Manager: list: Listing contexts for virtual host 'localhost'
13-Mar-2024 20:34:19.554 INFO [http-nio-9999-exec-144] org.apache.catalina.core.ApplicationContext.log Manager: restart: Reloading web application '/shopping-cart'
13-Mar-2024 20:37:05.919 INFO [http-nio-9999-exec-149] org.apache.catalina.core.ApplicationContext.log Manager: list: Listing contexts for virtual host 'localhost'
13-Mar-2024 20:39:31.845 INFO [http-nio-9999-exec-149] org.apache.catalina.core.ApplicationContext.log Manager: list: Listing contexts for virtual host 'localhost'
13-Mar-2024 20:39:35.594 INFO [http-nio-9999-exec-152] org.apache.catalina.core.ApplicationContext.log Manager: list: Listing contexts for virtual host 'localhost'
13-Mar-2024 20:40:46.114 INFO [http-nio-9999-exec-145] org.apache.catalina.core.ApplicationContext.log Manager: list: Listing contexts for virtual host 'localhost'
13-Mar-2024 20:40:47.165 INFO [http-nio-9999-exec-153] org.apache.catalina.core.ApplicationContext.log Manager: list: Listing contexts for virtual host 'localhost'
13-Mar-2024 20:40:47.170 INFO [http-nio-9999-exec-147] org.apache.catalina.core.ApplicationContext.log Manager: list: Listing contexts for virtual host 'localhost'
13-Mar-2024 20:40:47.252 INFO [http-nio-9999-exec-148] org.apache.catalina.core.ApplicationContext.log Manager: undeploy: Undeploying web application at '/shopping-cart'
13-Mar-2024 20:40:47.802 INFO [http-nio-9999-exec-151] org.apache.catalina.core.ApplicationContext.log Manager: install: Installing context configuration at 'file:/C:/Users/DINHNG~1/AppData/Local/Temp/context1217757833039099835.xml'
13-Mar-2024 20:40:48.532 INFO [http-nio-9999-exec-145] org.apache.catalina.core.ApplicationContext.log Manager: start: Starting web application '/shopping-cart'
13-Mar-2024 20:41:18.660 INFO [http-nio-9999-exec-161] org.apache.catalina.core.ApplicationContext.log Manager: list: Listing contexts for virtual host 'localhost'
13-Mar-2024 20:42:26.915 INFO [http-nio-9999-exec-155] org.apache.catalina.core.ApplicationContext.log Manager: list: Listing contexts for virtual host 'localhost'
13-Mar-2024 20:47:28.825 INFO [http-nio-9999-exec-159] org.apache.catalina.core.ApplicationContext.log Manager: list: Listing contexts for virtual host 'localhost'
13-Mar-2024 20:47:28.827 INFO [http-nio-9999-exec-160] org.apache.catalina.core.ApplicationContext.log Manager: list: Listing contexts for virtual host 'localhost'
13-Mar-2024 20:47:28.880 INFO [http-nio-9999-exec-157] org.apache.catalina.core.ApplicationContext.log Manager: undeploy: Undeploying web application at '/shopping-cart'
13-Mar-2024 20:47:29.414 INFO [http-nio-9999-exec-162] org.apache.catalina.core.ApplicationContext.log Manager: install: Installing context configuration at 'file:/C:/Users/DINHNG~1/AppData/Local/Temp/context1163855275160237860.xml'
13-Mar-2024 20:47:30.103 INFO [http-nio-9999-exec-156] org.apache.catalina.core.ApplicationContext.log Manager: start: Starting web application '/shopping-cart'
13-Mar-2024 20:53:45.941 INFO [http-nio-9999-exec-172] org.apache.catalina.core.ApplicationContext.log Manager: list: Listing contexts for virtual host 'localhost'
13-Mar-2024 20:53:46.289 INFO [http-nio-9999-exec-169] org.apache.catalina.core.ApplicationContext.log Manager: list: Listing contexts for virtual host 'localhost'
13-Mar-2024 20:54:08.944 INFO [http-nio-9999-exec-168] org.apache.catalina.core.ApplicationContext.log Manager: list: Listing contexts for virtual host 'localhost'
13-Mar-2024 20:54:52.049 INFO [http-nio-9999-exec-166] org.apache.catalina.core.ApplicationContext.log Manager: list: Listing contexts for virtual host 'localhost'
13-Mar-2024 20:55:20.366 INFO [http-nio-9999-exec-169] org.apache.catalina.core.ApplicationContext.log Manager: list: Listing contexts for virtual host 'localhost'
13-Mar-2024 20:55:21.734 INFO [http-nio-9999-exec-169] org.apache.catalina.core.ApplicationContext.log Manager: list: Listing contexts for virtual host 'localhost'
13-Mar-2024 20:55:21.736 INFO [http-nio-9999-exec-173] org.apache.catalina.core.ApplicationContext.log Manager: list: Listing contexts for virtual host 'localhost'
13-Mar-2024 20:55:21.792 INFO [http-nio-9999-exec-166] org.apache.catalina.core.ApplicationContext.log Manager: undeploy: Undeploying web application at '/shopping-cart'
13-Mar-2024 20:55:22.339 INFO [http-nio-9999-exec-165] org.apache.catalina.core.ApplicationContext.log Manager: install: Installing context configuration at 'file:/C:/Users/DINHNG~1/AppData/Local/Temp/context6926285191736534730.xml'
13-Mar-2024 20:55:23.048 INFO [http-nio-9999-exec-167] org.apache.catalina.core.ApplicationContext.log Manager: start: Starting web application '/shopping-cart'
13-Mar-2024 20:55:55.637 INFO [http-nio-9999-exec-175] org.apache.catalina.core.ApplicationContext.log Manager: list: Listing contexts for virtual host 'localhost'
13-Mar-2024 20:55:57.391 INFO [http-nio-9999-exec-176] org.apache.catalina.core.ApplicationContext.log Manager: list: Listing contexts for virtual host 'localhost'
13-Mar-2024 20:55:57.395 INFO [http-nio-9999-exec-182] org.apache.catalina.core.ApplicationContext.log Manager: list: Listing contexts for virtual host 'localhost'
13-Mar-2024 20:55:57.448 INFO [http-nio-9999-exec-180] org.apache.catalina.core.ApplicationContext.log Manager: undeploy: Undeploying web application at '/shopping-cart'
13-Mar-2024 20:55:57.984 INFO [http-nio-9999-exec-178] org.apache.catalina.core.ApplicationContext.log Manager: install: Installing context configuration at 'file:/C:/Users/DINHNG~1/AppData/Local/Temp/context1381050974565818235.xml'
13-Mar-2024 20:55:58.645 INFO [http-nio-9999-exec-177] org.apache.catalina.core.ApplicationContext.log Manager: start: Starting web application '/shopping-cart'
13-Mar-2024 20:56:59.605 INFO [http-nio-9999-exec-191] org.apache.catalina.core.ApplicationContext.log Manager: list: Listing contexts for virtual host 'localhost'
13-Mar-2024 20:57:07.946 INFO [http-nio-9999-exec-190] org.apache.catalina.core.ApplicationContext.log Manager: list: Listing contexts for virtual host 'localhost'
13-Mar-2024 20:57:10.183 INFO [http-nio-9999-exec-189] org.apache.catalina.core.ApplicationContext.log Manager: list: Listing contexts for virtual host 'localhost'
13-Mar-2024 20:57:10.185 INFO [http-nio-9999-exec-188] org.apache.catalina.core.ApplicationContext.log Manager: list: Listing contexts for virtual host 'localhost'
13-Mar-2024 20:57:10.243 INFO [http-nio-9999-exec-191] org.apache.catalina.core.ApplicationContext.log Manager: undeploy: Undeploying web application at '/shopping-cart'
13-Mar-2024 20:57:10.796 INFO [http-nio-9999-exec-189] org.apache.catalina.core.ApplicationContext.log Manager: install: Installing context configuration at 'file:/C:/Users/DINHNG~1/AppData/Local/Temp/context3276692895926131583.xml'
13-Mar-2024 20:57:11.581 INFO [http-nio-9999-exec-193] org.apache.catalina.core.ApplicationContext.log Manager: start: Starting web application '/shopping-cart'
13-Mar-2024 20:57:30.287 INFO [http-nio-9999-exec-190] org.apache.catalina.core.ApplicationContext.log Manager: list: Listing contexts for virtual host 'localhost'
13-Mar-2024 20:57:38.459 INFO [http-nio-9999-exec-194] org.apache.catalina.core.ApplicationContext.log Manager: list: Listing contexts for virtual host 'localhost'
13-Mar-2024 20:57:38.461 INFO [http-nio-9999-exec-195] org.apache.catalina.core.ApplicationContext.log Manager: list: Listing contexts for virtual host 'localhost'
13-Mar-2024 20:57:38.515 INFO [http-nio-9999-exec-187] org.apache.catalina.core.ApplicationContext.log Manager: undeploy: Undeploying web application at '/shopping-cart'
13-Mar-2024 20:57:39.048 INFO [http-nio-9999-exec-202] org.apache.catalina.core.ApplicationContext.log Manager: install: Installing context configuration at 'file:/C:/Users/DINHNG~1/AppData/Local/Temp/context1133395879354201103.xml'
13-Mar-2024 20:57:39.745 INFO [http-nio-9999-exec-197] org.apache.catalina.core.ApplicationContext.log Manager: start: Starting web application '/shopping-cart'
13-Mar-2024 20:57:58.694 INFO [http-nio-9999-exec-205] org.apache.catalina.core.ApplicationContext.log Manager: list: Listing contexts for virtual host 'localhost'
13-Mar-2024 20:58:16.392 INFO [http-nio-9999-exec-203] org.apache.catalina.core.ApplicationContext.log Manager: list: Listing contexts for virtual host 'localhost'
13-Mar-2024 20:58:18.319 INFO [http-nio-9999-exec-206] org.apache.catalina.core.ApplicationContext.log Manager: list: Listing contexts for virtual host 'localhost'
13-Mar-2024 20:58:18.321 INFO [http-nio-9999-exec-210] org.apache.catalina.core.ApplicationContext.log Manager: list: Listing contexts for virtual host 'localhost'
13-Mar-2024 20:58:18.371 INFO [http-nio-9999-exec-201] org.apache.catalina.core.ApplicationContext.log Manager: undeploy: Undeploying web application at '/shopping-cart'
13-Mar-2024 20:58:18.914 INFO [http-nio-9999-exec-205] org.apache.catalina.core.ApplicationContext.log Manager: install: Installing context configuration at 'file:/C:/Users/DINHNG~1/AppData/Local/Temp/context8566576835702637459.xml'
13-Mar-2024 20:58:19.596 INFO [http-nio-9999-exec-196] org.apache.catalina.core.ApplicationContext.log Manager: start: Starting web application '/shopping-cart'
13-Mar-2024 20:58:40.228 INFO [http-nio-9999-exec-208] org.apache.catalina.core.ApplicationContext.log Manager: list: Listing contexts for virtual host 'localhost'
13-Mar-2024 20:58:59.883 INFO [http-nio-9999-exec-214] org.apache.catalina.core.ApplicationContext.log Manager: list: Listing contexts for virtual host 'localhost'
13-Mar-2024 21:12:10.049 INFO [http-nio-9999-exec-215] org.apache.catalina.core.ApplicationContext.log Manager: list: Listing contexts for virtual host 'localhost'
13-Mar-2024 21:12:15.510 INFO [http-nio-9999-exec-212] org.apache.catalina.core.ApplicationContext.log Manager: list: Listing contexts for virtual host 'localhost'
13-Mar-2024 21:12:27.311 INFO [http-nio-9999-exec-220] org.apache.catalina.core.ApplicationContext.log Manager: list: Listing contexts for virtual host 'localhost'
13-Mar-2024 21:12:41.837 INFO [http-nio-9999-exec-218] org.apache.catalina.core.ApplicationContext.log Manager: list: Listing contexts for virtual host 'localhost'
13-Mar-2024 21:12:53.434 INFO [http-nio-9999-exec-215] org.apache.catalina.core.ApplicationContext.log Manager: list: Listing contexts for virtual host 'localhost'
13-Mar-2024 21:13:25.758 INFO [http-nio-9999-exec-213] org.apache.catalina.core.ApplicationContext.log Manager: list: Listing contexts for virtual host 'localhost'
13-Mar-2024 21:13:46.641 INFO [http-nio-9999-exec-220] org.apache.catalina.core.ApplicationContext.log Manager: list: Listing contexts for virtual host 'localhost'
13-Mar-2024 21:14:29.871 INFO [http-nio-9999-exec-215] org.apache.catalina.core.ApplicationContext.log Manager: list: Listing contexts for virtual host 'localhost'
13-Mar-2024 21:14:37.597 INFO [http-nio-9999-exec-217] org.apache.catalina.core.ApplicationContext.log Manager: list: Listing contexts for virtual host 'localhost'
13-Mar-2024 21:15:03.223 INFO [http-nio-9999-exec-211] org.apache.catalina.core.ApplicationContext.log Manager: list: Listing contexts for virtual host 'localhost'
13-Mar-2024 21:15:27.771 INFO [http-nio-9999-exec-220] org.apache.catalina.core.ApplicationContext.log Manager: list: Listing contexts for virtual host 'localhost'
13-Mar-2024 21:15:38.492 INFO [http-nio-9999-exec-212] org.apache.catalina.core.ApplicationContext.log Manager: list: Listing contexts for virtual host 'localhost'
13-Mar-2024 21:16:00.703 INFO [http-nio-9999-exec-213] org.apache.catalina.core.ApplicationContext.log Manager: list: Listing contexts for virtual host 'localhost'
13-Mar-2024 21:16:20.897 INFO [http-nio-9999-exec-214] org.apache.catalina.core.ApplicationContext.log Manager: list: Listing contexts for virtual host 'localhost'
13-Mar-2024 21:17:13.298 INFO [http-nio-9999-exec-218] org.apache.catalina.core.ApplicationContext.log Manager: list: Listing contexts for virtual host 'localhost'
13-Mar-2024 21:17:30.601 INFO [http-nio-9999-exec-216] org.apache.catalina.core.ApplicationContext.log Manager: list: Listing contexts for virtual host 'localhost'
13-Mar-2024 21:17:35.297 INFO [http-nio-9999-exec-214] org.apache.catalina.core.ApplicationContext.log Manager: list: Listing contexts for virtual host 'localhost'
13-Mar-2024 21:17:48.153 INFO [http-nio-9999-exec-215] org.apache.catalina.core.ApplicationContext.log Manager: list: Listing contexts for virtual host 'localhost'
13-Mar-2024 21:18:52.131 INFO [http-nio-9999-exec-213] org.apache.catalina.core.ApplicationContext.log Manager: list: Listing contexts for virtual host 'localhost'
13-Mar-2024 21:18:55.004 INFO [http-nio-9999-exec-215] org.apache.catalina.core.ApplicationContext.log Manager: list: Listing contexts for virtual host 'localhost'
13-Mar-2024 21:18:55.008 INFO [http-nio-9999-exec-220] org.apache.catalina.core.ApplicationContext.log Manager: list: Listing contexts for virtual host 'localhost'
13-Mar-2024 21:18:55.060 INFO [http-nio-9999-exec-216] org.apache.catalina.core.ApplicationContext.log Manager: undeploy: Undeploying web application at '/shopping-cart'
13-Mar-2024 21:18:55.603 INFO [http-nio-9999-exec-215] org.apache.catalina.core.ApplicationContext.log Manager: install: Installing context configuration at 'file:/C:/Users/DINHNG~1/AppData/Local/Temp/context3079715149880800139.xml'
13-Mar-2024 21:18:56.271 INFO [http-nio-9999-exec-212] org.apache.catalina.core.ApplicationContext.log Manager: start: Starting web application '/shopping-cart'
13-Mar-2024 21:19:40.282 INFO [http-nio-9999-exec-222] org.apache.catalina.core.ApplicationContext.log Manager: list: Listing contexts for virtual host 'localhost'
13-Mar-2024 21:19:43.656 INFO [http-nio-9999-exec-229] org.apache.catalina.core.ApplicationContext.log Manager: list: Listing contexts for virtual host 'localhost'
13-Mar-2024 21:19:43.658 INFO [http-nio-9999-exec-221] org.apache.catalina.core.ApplicationContext.log Manager: list: Listing contexts for virtual host 'localhost'
13-Mar-2024 21:19:43.707 INFO [http-nio-9999-exec-223] org.apache.catalina.core.ApplicationContext.log Manager: undeploy: Undeploying web application at '/shopping-cart'
13-Mar-2024 21:19:44.235 INFO [http-nio-9999-exec-227] org.apache.catalina.core.ApplicationContext.log Manager: install: Installing context configuration at 'file:/C:/Users/DINHNG~1/AppData/Local/Temp/context5218348223633619280.xml'
13-Mar-2024 21:19:44.937 INFO [http-nio-9999-exec-225] org.apache.catalina.core.ApplicationContext.log Manager: start: Starting web application '/shopping-cart'
13-Mar-2024 21:20:11.404 INFO [http-nio-9999-exec-229] org.apache.catalina.core.ApplicationContext.log Manager: list: Listing contexts for virtual host 'localhost'
13-Mar-2024 21:20:30.341 INFO [http-nio-9999-exec-236] org.apache.catalina.core.ApplicationContext.log Manager: list: Listing contexts for virtual host 'localhost'
13-Mar-2024 21:20:42.963 INFO [http-nio-9999-exec-235] org.apache.catalina.core.ApplicationContext.log Manager: list: Listing contexts for virtual host 'localhost'
13-Mar-2024 21:20:44.586 INFO [http-nio-9999-exec-231] org.apache.catalina.core.ApplicationContext.log Manager: list: Listing contexts for virtual host 'localhost'
13-Mar-2024 21:20:44.589 INFO [http-nio-9999-exec-237] org.apache.catalina.core.ApplicationContext.log Manager: list: Listing contexts for virtual host 'localhost'
13-Mar-2024 21:20:44.638 INFO [http-nio-9999-exec-236] org.apache.catalina.core.ApplicationContext.log Manager: undeploy: Undeploying web application at '/shopping-cart'
13-Mar-2024 21:20:45.701 INFO [http-nio-9999-exec-231] org.apache.catalina.core.ApplicationContext.log Manager: install: Installing context configuration at 'file:/C:/Users/DINHNG~1/AppData/Local/Temp/context457461766829376656.xml'
13-Mar-2024 21:20:46.511 INFO [http-nio-9999-exec-234] org.apache.catalina.core.ApplicationContext.log Manager: start: Starting web application '/shopping-cart'
13-Mar-2024 21:21:07.656 INFO [http-nio-9999-exec-232] org.apache.catalina.core.ApplicationContext.log Manager: list: Listing contexts for virtual host 'localhost'
13-Mar-2024 21:21:09.557 INFO [http-nio-9999-exec-244] org.apache.catalina.core.ApplicationContext.log Manager: list: Listing contexts for virtual host 'localhost'
13-Mar-2024 21:21:09.560 INFO [http-nio-9999-exec-241] org.apache.catalina.core.ApplicationContext.log Manager: list: Listing contexts for virtual host 'localhost'
13-Mar-2024 21:21:09.607 INFO [http-nio-9999-exec-234] org.apache.catalina.core.ApplicationContext.log Manager: undeploy: Undeploying web application at '/shopping-cart'
13-Mar-2024 21:21:10.146 INFO [http-nio-9999-exec-245] org.apache.catalina.core.ApplicationContext.log Manager: install: Installing context configuration at 'file:/C:/Users/DINHNG~1/AppData/Local/Temp/context1027750839581961238.xml'
13-Mar-2024 21:21:10.806 INFO [http-nio-9999-exec-246] org.apache.catalina.core.ApplicationContext.log Manager: start: Starting web application '/shopping-cart'
13-Mar-2024 21:22:18.188 INFO [http-nio-9999-exec-248] org.apache.catalina.core.ApplicationContext.log Manager: list: Listing contexts for virtual host 'localhost'
13-Mar-2024 21:26:15.438 INFO [http-nio-9999-exec-252] org.apache.catalina.core.ApplicationContext.log Manager: list: Listing contexts for virtual host 'localhost'
13-Mar-2024 21:26:43.716 INFO [http-nio-9999-exec-257] org.apache.catalina.core.ApplicationContext.log Manager: list: Listing contexts for virtual host 'localhost'
13-Mar-2024 21:27:13.802 INFO [http-nio-9999-exec-249] org.apache.catalina.core.ApplicationContext.log Manager: list: Listing contexts for virtual host 'localhost'
13-Mar-2024 21:27:42.829 INFO [http-nio-9999-exec-253] org.apache.catalina.core.ApplicationContext.log Manager: list: Listing contexts for virtual host 'localhost'
13-Mar-2024 21:28:04.707 INFO [http-nio-9999-exec-255] org.apache.catalina.core.ApplicationContext.log Manager: list: Listing contexts for virtual host 'localhost'
13-Mar-2024 21:30:29.911 INFO [http-nio-9999-exec-256] org.apache.catalina.core.ApplicationContext.log Manager: list: Listing contexts for virtual host 'localhost'
13-Mar-2024 21:30:43.113 INFO [http-nio-9999-exec-252] org.apache.catalina.core.ApplicationContext.log Manager: list: Listing contexts for virtual host 'localhost'
13-Mar-2024 21:31:27.980 INFO [http-nio-9999-exec-255] org.apache.catalina.core.ApplicationContext.log Manager: list: Listing contexts for virtual host 'localhost'
13-Mar-2024 21:33:56.049 INFO [http-nio-9999-exec-253] org.apache.catalina.core.ApplicationContext.log Manager: list: Listing contexts for virtual host 'localhost'
13-Mar-2024 21:34:58.610 INFO [http-nio-9999-exec-256] org.apache.catalina.core.ApplicationContext.log Manager: list: Listing contexts for virtual host 'localhost'
13-Mar-2024 21:35:15.406 INFO [http-nio-9999-exec-255] org.apache.catalina.core.ApplicationContext.log Manager: list: Listing contexts for virtual host 'localhost'
13-Mar-2024 21:36:13.998 INFO [http-nio-9999-exec-250] org.apache.catalina.core.ApplicationContext.log Manager: list: Listing contexts for virtual host 'localhost'
13-Mar-2024 21:36:45.065 INFO [http-nio-9999-exec-249] org.apache.catalina.core.ApplicationContext.log Manager: list: Listing contexts for virtual host 'localhost'
13-Mar-2024 21:37:20.131 INFO [http-nio-9999-exec-255] org.apache.catalina.core.ApplicationContext.log Manager: list: Listing contexts for virtual host 'localhost'
13-Mar-2024 21:39:25.417 INFO [http-nio-9999-exec-250] org.apache.catalina.core.ApplicationContext.log Manager: list: Listing contexts for virtual host 'localhost'
13-Mar-2024 21:39:30.810 INFO [http-nio-9999-exec-251] org.apache.catalina.core.ApplicationContext.log Manager: list: Listing contexts for virtual host 'localhost'
13-Mar-2024 21:40:00.159 INFO [http-nio-9999-exec-257] org.apache.catalina.core.ApplicationContext.log Manager: list: Listing contexts for virtual host 'localhost'
13-Mar-2024 21:40:35.398 INFO [http-nio-9999-exec-250] org.apache.catalina.core.ApplicationContext.log Manager: list: Listing contexts for virtual host 'localhost'
13-Mar-2024 21:40:58.285 INFO [http-nio-9999-exec-254] org.apache.catalina.core.ApplicationContext.log Manager: list: Listing contexts for virtual host 'localhost'
13-Mar-2024 21:41:10.100 INFO [http-nio-9999-exec-257] org.apache.catalina.core.ApplicationContext.log Manager: list: Listing contexts for virtual host 'localhost'
13-Mar-2024 21:41:17.447 INFO [http-nio-9999-exec-255] org.apache.catalina.core.ApplicationContext.log Manager: list: Listing contexts for virtual host 'localhost'
13-Mar-2024 21:41:38.876 INFO [http-nio-9999-exec-256] org.apache.catalina.core.ApplicationContext.log Manager: list: Listing contexts for virtual host 'localhost'
13-Mar-2024 21:41:54.772 INFO [http-nio-9999-exec-255] org.apache.catalina.core.ApplicationContext.log Manager: list: Listing contexts for virtual host 'localhost'
13-Mar-2024 21:42:02.053 INFO [http-nio-9999-exec-249] org.apache.catalina.core.ApplicationContext.log Manager: list: Listing contexts for virtual host 'localhost'
13-Mar-2024 21:45:01.487 INFO [http-nio-9999-exec-248] org.apache.catalina.core.ApplicationContext.log Manager: list: Listing contexts for virtual host 'localhost'
13-Mar-2024 21:45:20.551 INFO [http-nio-9999-exec-256] org.apache.catalina.core.ApplicationContext.log Manager: list: Listing contexts for virtual host 'localhost'
13-Mar-2024 21:45:23.124 INFO [http-nio-9999-exec-252] org.apache.catalina.core.ApplicationContext.log Manager: list: Listing contexts for virtual host 'localhost'
13-Mar-2024 21:45:26.254 INFO [http-nio-9999-exec-248] org.apache.catalina.core.ApplicationContext.log Manager: list: Listing contexts for virtual host 'localhost'
13-Mar-2024 21:45:48.174 INFO [http-nio-9999-exec-254] org.apache.catalina.core.ApplicationContext.log Manager: list: Listing contexts for virtual host 'localhost'
13-Mar-2024 21:46:21.085 INFO [http-nio-9999-exec-249] org.apache.catalina.core.ApplicationContext.log Manager: list: Listing contexts for virtual host 'localhost'
13-Mar-2024 21:46:38.872 INFO [http-nio-9999-exec-252] org.apache.catalina.core.ApplicationContext.log Manager: list: Listing contexts for virtual host 'localhost'
13-Mar-2024 21:46:47.184 INFO [http-nio-9999-exec-251] org.apache.catalina.core.ApplicationContext.log Manager: list: Listing contexts for virtual host 'localhost'
13-Mar-2024 21:46:54.507 INFO [http-nio-9999-exec-255] org.apache.catalina.core.ApplicationContext.log Manager: list: Listing contexts for virtual host 'localhost'
13-Mar-2024 21:47:04.819 INFO [http-nio-9999-exec-256] org.apache.catalina.core.ApplicationContext.log Manager: list: Listing contexts for virtual host 'localhost'
13-Mar-2024 21:47:19.975 INFO [http-nio-9999-exec-251] org.apache.catalina.core.ApplicationContext.log Manager: list: Listing contexts for virtual host 'localhost'
13-Mar-2024 21:47:49.988 INFO [http-nio-9999-exec-253] org.apache.catalina.core.ApplicationContext.log Manager: list: Listing contexts for virtual host 'localhost'
13-Mar-2024 21:48:13.676 INFO [http-nio-9999-exec-257] org.apache.catalina.core.ApplicationContext.log Manager: list: Listing contexts for virtual host 'localhost'
13-Mar-2024 21:48:23.355 INFO [http-nio-9999-exec-249] org.apache.catalina.core.ApplicationContext.log Manager: list: Listing contexts for virtual host 'localhost'
13-Mar-2024 21:48:38.857 INFO [http-nio-9999-exec-253] org.apache.catalina.core.ApplicationContext.log Manager: list: Listing contexts for virtual host 'localhost'
13-Mar-2024 21:48:52.116 INFO [http-nio-9999-exec-251] org.apache.catalina.core.ApplicationContext.log Manager: list: Listing contexts for virtual host 'localhost'
13-Mar-2024 21:49:01.310 INFO [http-nio-9999-exec-255] org.apache.catalina.core.ApplicationContext.log Manager: list: Listing contexts for virtual host 'localhost'
13-Mar-2024 21:49:07.951 INFO [http-nio-9999-exec-254] org.apache.catalina.core.ApplicationContext.log Manager: list: Listing contexts for virtual host 'localhost'
13-Mar-2024 21:49:17.399 INFO [http-nio-9999-exec-252] org.apache.catalina.core.ApplicationContext.log Manager: list: Listing contexts for virtual host 'localhost'
13-Mar-2024 21:49:51.247 INFO [http-nio-9999-exec-253] org.apache.catalina.core.ApplicationContext.log Manager: list: Listing contexts for virtual host 'localhost'
13-Mar-2024 21:49:59.622 INFO [http-nio-9999-exec-251] org.apache.catalina.core.ApplicationContext.log Manager: list: Listing contexts for virtual host 'localhost'
13-Mar-2024 21:50:24.633 INFO [http-nio-9999-exec-257] org.apache.catalina.core.ApplicationContext.log Manager: list: Listing contexts for virtual host 'localhost'
13-Mar-2024 21:50:55.753 INFO [http-nio-9999-exec-253] org.apache.catalina.core.ApplicationContext.log Manager: list: Listing contexts for virtual host 'localhost'
13-Mar-2024 21:52:44.294 INFO [http-nio-9999-exec-252] org.apache.catalina.core.ApplicationContext.log Manager: list: Listing contexts for virtual host 'localhost'
13-Mar-2024 21:52:53.260 INFO [http-nio-9999-exec-257] org.apache.catalina.core.ApplicationContext.log Manager: list: Listing contexts for virtual host 'localhost'
13-Mar-2024 21:53:42.941 INFO [http-nio-9999-exec-249] org.apache.catalina.core.ApplicationContext.log Manager: list: Listing contexts for virtual host 'localhost'
13-Mar-2024 21:53:58.250 INFO [http-nio-9999-exec-256] org.apache.catalina.core.ApplicationContext.log Manager: list: Listing contexts for virtual host 'localhost'
13-Mar-2024 21:54:04.828 INFO [http-nio-9999-exec-254] org.apache.catalina.core.ApplicationContext.log Manager: list: Listing contexts for virtual host 'localhost'
13-Mar-2024 21:54:13.716 INFO [http-nio-9999-exec-252] org.apache.catalina.core.ApplicationContext.log Manager: list: Listing contexts for virtual host 'localhost'
13-Mar-2024 21:54:33.836 INFO [http-nio-9999-exec-252] org.apache.catalina.core.ApplicationContext.log Manager: list: Listing contexts for virtual host 'localhost'
13-Mar-2024 21:54:44.445 INFO [http-nio-9999-exec-257] org.apache.catalina.core.ApplicationContext.log Manager: list: Listing contexts for virtual host 'localhost'
13-Mar-2024 21:55:20.655 INFO [http-nio-9999-exec-257] org.apache.catalina.core.ApplicationContext.log Manager: list: Listing contexts for virtual host 'localhost'
13-Mar-2024 21:55:55.080 INFO [http-nio-9999-exec-251] org.apache.catalina.core.ApplicationContext.log Manager: list: Listing contexts for virtual host 'localhost'
13-Mar-2024 21:57:01.098 INFO [http-nio-9999-exec-248] org.apache.catalina.core.ApplicationContext.log Manager: list: Listing contexts for virtual host 'localhost'
13-Mar-2024 21:57:20.630 INFO [http-nio-9999-exec-248] org.apache.catalina.core.ApplicationContext.log Manager: list: Listing contexts for virtual host 'localhost'
13-Mar-2024 21:58:14.214 INFO [http-nio-9999-exec-250] org.apache.catalina.core.ApplicationContext.log Manager: list: Listing contexts for virtual host 'localhost'
13-Mar-2024 21:58:20.372 INFO [http-nio-9999-exec-251] org.apache.catalina.core.ApplicationContext.log Manager: list: Listing contexts for virtual host 'localhost'
13-Mar-2024 21:58:46.920 INFO [http-nio-9999-exec-250] org.apache.catalina.core.ApplicationContext.log Manager: list: Listing contexts for virtual host 'localhost'
13-Mar-2024 21:59:23.899 INFO [http-nio-9999-exec-255] org.apache.catalina.core.ApplicationContext.log Manager: list: Listing contexts for virtual host 'localhost'
13-Mar-2024 21:59:30.143 INFO [http-nio-9999-exec-249] org.apache.catalina.core.ApplicationContext.log Manager: list: Listing contexts for virtual host 'localhost'
13-Mar-2024 21:59:54.643 INFO [http-nio-9999-exec-253] org.apache.catalina.core.ApplicationContext.log Manager: list: Listing contexts for virtual host 'localhost'
13-Mar-2024 22:00:09.859 INFO [http-nio-9999-exec-253] org.apache.catalina.core.ApplicationContext.log Manager: list: Listing contexts for virtual host 'localhost'
13-Mar-2024 22:00:36.701 INFO [http-nio-9999-exec-251] org.apache.catalina.core.ApplicationContext.log Manager: list: Listing contexts for virtual host 'localhost'
13-Mar-2024 22:01:24.914 INFO [http-nio-9999-exec-255] org.apache.catalina.core.ApplicationContext.log Manager: list: Listing contexts for virtual host 'localhost'
13-Mar-2024 22:06:23.081 INFO [http-nio-9999-exec-248] org.apache.catalina.core.ApplicationContext.log Manager: list: Listing contexts for virtual host 'localhost'
13-Mar-2024 22:07:23.218 INFO [http-nio-9999-exec-256] org.apache.catalina.core.ApplicationContext.log Manager: list: Listing contexts for virtual host 'localhost'
13-Mar-2024 22:07:26.838 INFO [http-nio-9999-exec-250] org.apache.catalina.core.ApplicationContext.log Manager: list: Listing contexts for virtual host 'localhost'
13-Mar-2024 22:07:42.774 INFO [http-nio-9999-exec-248] org.apache.catalina.core.ApplicationContext.log Manager: list: Listing contexts for virtual host 'localhost'
13-Mar-2024 22:07:48.743 INFO [http-nio-9999-exec-257] org.apache.catalina.core.ApplicationContext.log Manager: list: Listing contexts for virtual host 'localhost'
13-Mar-2024 22:08:39.401 INFO [http-nio-9999-exec-252] org.apache.catalina.core.ApplicationContext.log Manager: list: Listing contexts for virtual host 'localhost'
13-Mar-2024 22:08:43.452 INFO [http-nio-9999-exec-255] org.apache.catalina.core.ApplicationContext.log Manager: list: Listing contexts for virtual host 'localhost'
13-Mar-2024 22:08:50.614 INFO [http-nio-9999-exec-253] org.apache.catalina.core.ApplicationContext.log Manager: list: Listing contexts for virtual host 'localhost'
13-Mar-2024 22:09:18.613 INFO [http-nio-9999-exec-257] org.apache.catalina.core.ApplicationContext.log Manager: list: Listing contexts for virtual host 'localhost'
13-Mar-2024 22:09:41.347 INFO [http-nio-9999-exec-257] org.apache.catalina.core.ApplicationContext.log Manager: list: Listing contexts for virtual host 'localhost'
13-Mar-2024 22:10:15.934 INFO [http-nio-9999-exec-248] org.apache.catalina.core.ApplicationContext.log Manager: list: Listing contexts for virtual host 'localhost'
13-Mar-2024 22:13:12.304 INFO [http-nio-9999-exec-256] org.apache.catalina.core.ApplicationContext.log Manager: list: Listing contexts for virtual host 'localhost'
13-Mar-2024 22:13:19.627 INFO [http-nio-9999-exec-257] org.apache.catalina.core.ApplicationContext.log Manager: list: Listing contexts for virtual host 'localhost'
13-Mar-2024 22:13:35.077 INFO [http-nio-9999-exec-255] org.apache.catalina.core.ApplicationContext.log Manager: list: Listing contexts for virtual host 'localhost'
13-Mar-2024 22:13:57.853 INFO [http-nio-9999-exec-254] org.apache.catalina.core.ApplicationContext.log Manager: list: Listing contexts for virtual host 'localhost'
13-Mar-2024 22:14:09.973 INFO [http-nio-9999-exec-249] org.apache.catalina.core.ApplicationContext.log Manager: list: Listing contexts for virtual host 'localhost'
13-Mar-2024 22:15:17.487 INFO [http-nio-9999-exec-255] org.apache.catalina.core.ApplicationContext.log Manager: list: Listing contexts for virtual host 'localhost'
13-Mar-2024 22:15:54.958 INFO [http-nio-9999-exec-248] org.apache.catalina.core.ApplicationContext.log Manager: list: Listing contexts for virtual host 'localhost'
13-Mar-2024 22:16:10.828 INFO [http-nio-9999-exec-249] org.apache.catalina.core.ApplicationContext.log Manager: list: Listing contexts for virtual host 'localhost'
13-Mar-2024 22:16:25.952 INFO [http-nio-9999-exec-255] org.apache.catalina.core.ApplicationContext.log Manager: list: Listing contexts for virtual host 'localhost'
13-Mar-2024 22:16:51.647 INFO [http-nio-9999-exec-248] org.apache.catalina.core.ApplicationContext.log Manager: list: Listing contexts for virtual host 'localhost'
13-Mar-2024 22:17:00.552 INFO [http-nio-9999-exec-252] org.apache.catalina.core.ApplicationContext.log Manager: list: Listing contexts for virtual host 'localhost'
13-Mar-2024 22:17:00.555 INFO [http-nio-9999-exec-251] org.apache.catalina.core.ApplicationContext.log Manager: list: Listing contexts for virtual host 'localhost'
13-Mar-2024 22:17:00.614 INFO [http-nio-9999-exec-254] org.apache.catalina.core.ApplicationContext.log Manager: undeploy: Undeploying web application at '/shopping-cart'
13-Mar-2024 22:17:01.164 INFO [http-nio-9999-exec-253] org.apache.catalina.core.ApplicationContext.log Manager: install: Installing context configuration at 'file:/C:/Users/DINHNG~1/AppData/Local/Temp/context7321858541756336554.xml'
13-Mar-2024 22:17:02.075 INFO [http-nio-9999-exec-255] org.apache.catalina.core.ApplicationContext.log Manager: start: Starting web application '/shopping-cart'
13-Mar-2024 22:17:40.044 INFO [http-nio-9999-exec-263] org.apache.catalina.core.ApplicationContext.log Manager: list: Listing contexts for virtual host 'localhost'
13-Mar-2024 22:18:08.145 INFO [http-nio-9999-exec-265] org.apache.catalina.core.ApplicationContext.log Manager: list: Listing contexts for virtual host 'localhost'
13-Mar-2024 22:19:25.841 INFO [http-nio-9999-exec-266] org.apache.catalina.core.ApplicationContext.log Manager: list: Listing contexts for virtual host 'localhost'
13-Mar-2024 22:19:25.878 INFO [http-nio-9999-exec-264] org.apache.catalina.core.ApplicationContext.log Manager: restart: Reloading web application '/shopping-cart'
13-Mar-2024 22:19:27.155 INFO [http-nio-9999-exec-261] org.apache.catalina.core.ApplicationContext.log Manager: list: Listing contexts for virtual host 'localhost'
13-Mar-2024 22:19:27.183 INFO [http-nio-9999-exec-259] org.apache.catalina.core.ApplicationContext.log Manager: restart: Reloading web application '/shopping-cart'
13-Mar-2024 22:19:42.245 INFO [http-nio-9999-exec-260] org.apache.catalina.core.ApplicationContext.log Manager: list: Listing contexts for virtual host 'localhost'
13-Mar-2024 22:19:58.516 INFO [http-nio-9999-exec-261] org.apache.catalina.core.ApplicationContext.log Manager: list: Listing contexts for virtual host 'localhost'
13-Mar-2024 22:20:22.286 INFO [http-nio-9999-exec-273] org.apache.catalina.core.ApplicationContext.log Manager: list: Listing contexts for virtual host 'localhost'
13-Mar-2024 22:20:38.367 INFO [http-nio-9999-exec-277] org.apache.catalina.core.ApplicationContext.log Manager: list: Listing contexts for virtual host 'localhost'
13-Mar-2024 22:20:41.639 INFO [http-nio-9999-exec-271] org.apache.catalina.core.ApplicationContext.log Manager: list: Listing contexts for virtual host 'localhost'
13-Mar-2024 22:21:00.693 INFO [http-nio-9999-exec-278] org.apache.catalina.core.ApplicationContext.log Manager: list: Listing contexts for virtual host 'localhost'
13-Mar-2024 22:21:18.006 INFO [http-nio-9999-exec-278] org.apache.catalina.core.ApplicationContext.log Manager: list: Listing contexts for virtual host 'localhost'
13-Mar-2024 22:21:22.612 INFO [http-nio-9999-exec-270] org.apache.catalina.core.ApplicationContext.log Manager: list: Listing contexts for virtual host 'localhost'
13-Mar-2024 22:21:47.236 INFO [http-nio-9999-exec-275] org.apache.catalina.core.ApplicationContext.log Manager: list: Listing contexts for virtual host 'localhost'
13-Mar-2024 22:21:51.785 INFO [http-nio-9999-exec-278] org.apache.catalina.core.ApplicationContext.log Manager: list: Listing contexts for virtual host 'localhost'
13-Mar-2024 22:22:22.619 INFO [http-nio-9999-exec-270] org.apache.catalina.core.ApplicationContext.log Manager: list: Listing contexts for virtual host 'localhost'
13-Mar-2024 22:23:06.629 INFO [http-nio-9999-exec-278] org.apache.catalina.core.ApplicationContext.log Manager: list: Listing contexts for virtual host 'localhost'
13-Mar-2024 22:23:31.623 INFO [http-nio-9999-exec-277] org.apache.catalina.core.ApplicationContext.log Manager: list: Listing contexts for virtual host 'localhost'
13-Mar-2024 22:23:48.890 INFO [http-nio-9999-exec-269] org.apache.catalina.core.ApplicationContext.log Manager: list: Listing contexts for virtual host 'localhost'
13-Mar-2024 22:25:41.952 INFO [http-nio-9999-exec-278] org.apache.catalina.core.ApplicationContext.log Manager: list: Listing contexts for virtual host 'localhost'
13-Mar-2024 22:26:09.748 INFO [http-nio-9999-exec-275] org.apache.catalina.core.ApplicationContext.log Manager: list: Listing contexts for virtual host 'localhost'
13-Mar-2024 22:26:20.617 INFO [http-nio-9999-exec-277] org.apache.catalina.core.ApplicationContext.log Manager: list: Listing contexts for virtual host 'localhost'
13-Mar-2024 22:26:29.064 INFO [http-nio-9999-exec-273] org.apache.catalina.core.ApplicationContext.log Manager: list: Listing contexts for virtual host 'localhost'
13-Mar-2024 22:26:31.498 INFO [http-nio-9999-exec-278] org.apache.catalina.core.ApplicationContext.log Manager: list: Listing contexts for virtual host 'localhost'
13-Mar-2024 22:27:05.773 INFO [http-nio-9999-exec-276] org.apache.catalina.core.ApplicationContext.log Manager: list: Listing contexts for virtual host 'localhost'
13-Mar-2024 22:27:42.537 INFO [http-nio-9999-exec-278] org.apache.catalina.core.ApplicationContext.log Manager: list: Listing contexts for virtual host 'localhost'
13-Mar-2024 22:28:48.736 INFO [http-nio-9999-exec-276] org.apache.catalina.core.ApplicationContext.log Manager: list: Listing contexts for virtual host 'localhost'
13-Mar-2024 22:29:15.566 INFO [http-nio-9999-exec-270] org.apache.catalina.core.ApplicationContext.log Manager: list: Listing contexts for virtual host 'localhost'
13-Mar-2024 22:30:26.593 INFO [http-nio-9999-exec-277] org.apache.catalina.core.ApplicationContext.log Manager: list: Listing contexts for virtual host 'localhost'
13-Mar-2024 22:30:31.726 INFO [http-nio-9999-exec-269] org.apache.catalina.core.ApplicationContext.log Manager: list: Listing contexts for virtual host 'localhost'
13-Mar-2024 22:31:27.927 INFO [http-nio-9999-exec-275] org.apache.catalina.core.ApplicationContext.log Manager: list: Listing contexts for virtual host 'localhost'
13-Mar-2024 22:31:33.587 INFO [http-nio-9999-exec-278] org.apache.catalina.core.ApplicationContext.log Manager: list: Listing contexts for virtual host 'localhost'
13-Mar-2024 22:31:36.686 INFO [http-nio-9999-exec-269] org.apache.catalina.core.ApplicationContext.log Manager: list: Listing contexts for virtual host 'localhost'
13-Mar-2024 22:32:02.946 INFO [http-nio-9999-exec-278] org.apache.catalina.core.ApplicationContext.log Manager: list: Listing contexts for virtual host 'localhost'
13-Mar-2024 22:32:05.243 INFO [http-nio-9999-exec-269] org.apache.catalina.core.ApplicationContext.log Manager: list: Listing contexts for virtual host 'localhost'
13-Mar-2024 22:32:14.721 INFO [http-nio-9999-exec-275] org.apache.catalina.core.ApplicationContext.log Manager: list: Listing contexts for virtual host 'localhost'
13-Mar-2024 22:32:56.227 INFO [http-nio-9999-exec-274] org.apache.catalina.core.ApplicationContext.log Manager: list: Listing contexts for virtual host 'localhost'
13-Mar-2024 22:33:07.602 INFO [http-nio-9999-exec-271] org.apache.catalina.core.ApplicationContext.log Manager: list: Listing contexts for virtual host 'localhost'
13-Mar-2024 22:33:39.535 INFO [http-nio-9999-exec-273] org.apache.catalina.core.ApplicationContext.log Manager: list: Listing contexts for virtual host 'localhost'
13-Mar-2024 22:33:43.313 INFO [http-nio-9999-exec-270] org.apache.catalina.core.ApplicationContext.log Manager: list: Listing contexts for virtual host 'localhost'
13-Mar-2024 22:34:01.231 INFO [http-nio-9999-exec-271] org.apache.catalina.core.ApplicationContext.log Manager: list: Listing contexts for virtual host 'localhost'
13-Mar-2024 22:34:40.814 INFO [http-nio-9999-exec-276] org.apache.catalina.core.ApplicationContext.log Manager: list: Listing contexts for virtual host 'localhost'
13-Mar-2024 22:34:53.043 INFO [http-nio-9999-exec-276] org.apache.catalina.core.ApplicationContext.log Manager: list: Listing contexts for virtual host 'localhost'
13-Mar-2024 22:34:57.317 INFO [http-nio-9999-exec-272] org.apache.catalina.core.ApplicationContext.log Manager: list: Listing contexts for virtual host 'localhost'
13-Mar-2024 22:34:59.853 INFO [http-nio-9999-exec-270] org.apache.catalina.core.ApplicationContext.log Manager: list: Listing contexts for virtual host 'localhost'
13-Mar-2024 22:35:20.700 INFO [http-nio-9999-exec-270] org.apache.catalina.core.ApplicationContext.log Manager: list: Listing contexts for virtual host 'localhost'
13-Mar-2024 22:35:22.320 INFO [http-nio-9999-exec-277] org.apache.catalina.core.ApplicationContext.log Manager: list: Listing contexts for virtual host 'localhost'
13-Mar-2024 22:37:11.704 INFO [http-nio-9999-exec-272] org.apache.catalina.core.ApplicationContext.log Manager: list: Listing contexts for virtual host 'localhost'
13-Mar-2024 22:37:31.305 INFO [http-nio-9999-exec-272] org.apache.catalina.core.ApplicationContext.log Manager: list: Listing contexts for virtual host 'localhost'
13-Mar-2024 22:37:34.279 INFO [http-nio-9999-exec-277] org.apache.catalina.core.ApplicationContext.log Manager: list: Listing contexts for virtual host 'localhost'
13-Mar-2024 22:37:51.242 INFO [http-nio-9999-exec-271] org.apache.catalina.core.ApplicationContext.log Manager: list: Listing contexts for virtual host 'localhost'
13-Mar-2024 22:37:56.173 INFO [http-nio-9999-exec-274] org.apache.catalina.core.ApplicationContext.log Manager: list: Listing contexts for virtual host 'localhost'
13-Mar-2024 22:38:42.049 INFO [http-nio-9999-exec-272] org.apache.catalina.core.ApplicationContext.log Manager: list: Listing contexts for virtual host 'localhost'
13-Mar-2024 22:42:06.407 INFO [http-nio-9999-exec-278] org.apache.catalina.core.ApplicationContext.log Manager: list: Listing contexts for virtual host 'localhost'
13-Mar-2024 22:43:34.447 INFO [http-nio-9999-exec-276] org.apache.catalina.core.ApplicationContext.log Manager: list: Listing contexts for virtual host 'localhost'
13-Mar-2024 22:43:41.400 INFO [http-nio-9999-exec-275] org.apache.catalina.core.ApplicationContext.log Manager: list: Listing contexts for virtual host 'localhost'
13-Mar-2024 22:44:28.528 INFO [http-nio-9999-exec-278] org.apache.catalina.core.ApplicationContext.log Manager: list: Listing contexts for virtual host 'localhost'
13-Mar-2024 22:46:03.829 INFO [http-nio-9999-exec-272] org.apache.catalina.core.ApplicationContext.log Manager: list: Listing contexts for virtual host 'localhost'
13-Mar-2024 22:46:31.430 INFO [http-nio-9999-exec-274] org.apache.catalina.core.ApplicationContext.log Manager: list: Listing contexts for virtual host 'localhost'
13-Mar-2024 22:47:01.131 INFO [http-nio-9999-exec-269] org.apache.catalina.core.ApplicationContext.log Manager: list: Listing contexts for virtual host 'localhost'
13-Mar-2024 22:47:06.857 INFO [http-nio-9999-exec-271] org.apache.catalina.core.ApplicationContext.log Manager: list: Listing contexts for virtual host 'localhost'
13-Mar-2024 22:47:17.829 INFO [http-nio-9999-exec-277] org.apache.catalina.core.ApplicationContext.log Manager: list: Listing contexts for virtual host 'localhost'
13-Mar-2024 22:47:20.386 INFO [http-nio-9999-exec-269] org.apache.catalina.core.ApplicationContext.log Manager: list: Listing contexts for virtual host 'localhost'
13-Mar-2024 22:47:35.898 INFO [http-nio-9999-exec-278] org.apache.catalina.core.ApplicationContext.log Manager: list: Listing contexts for virtual host 'localhost'
13-Mar-2024 22:47:44.547 INFO [http-nio-9999-exec-277] org.apache.catalina.core.ApplicationContext.log Manager: list: Listing contexts for virtual host 'localhost'
13-Mar-2024 22:47:50.310 INFO [http-nio-9999-exec-276] org.apache.catalina.core.ApplicationContext.log Manager: list: Listing contexts for virtual host 'localhost'
13-Mar-2024 22:48:26.442 INFO [http-nio-9999-exec-277] org.apache.catalina.core.ApplicationContext.log Manager: list: Listing contexts for virtual host 'localhost'
13-Mar-2024 22:49:13.175 INFO [http-nio-9999-exec-274] org.apache.catalina.core.ApplicationContext.log Manager: list: Listing contexts for virtual host 'localhost'
13-Mar-2024 22:49:13.224 INFO [http-nio-9999-exec-276] org.apache.catalina.core.ApplicationContext.log Manager: restart: Reloading web application '/shopping-cart'
13-Mar-2024 22:49:14.321 INFO [http-nio-9999-exec-271] org.apache.catalina.core.ApplicationContext.log Manager: list: Listing contexts for virtual host 'localhost'
13-Mar-2024 22:49:14.352 INFO [http-nio-9999-exec-277] org.apache.catalina.core.ApplicationContext.log Manager: restart: Reloading web application '/shopping-cart'
13-Mar-2024 22:49:15.017 INFO [http-nio-9999-exec-274] org.apache.catalina.core.ApplicationContext.log Manager: list: Listing contexts for virtual host 'localhost'
13-Mar-2024 22:49:15.052 INFO [http-nio-9999-exec-278] org.apache.catalina.core.ApplicationContext.log Manager: restart: Reloading web application '/shopping-cart'
13-Mar-2024 22:50:03.989 INFO [http-nio-9999-exec-274] org.apache.catalina.core.ApplicationContext.log Manager: list: Listing contexts for virtual host 'localhost'
13-Mar-2024 22:50:04.015 INFO [http-nio-9999-exec-272] org.apache.catalina.core.ApplicationContext.log Manager: restart: Reloading web application '/shopping-cart'
13-Mar-2024 22:50:04.976 INFO [http-nio-9999-exec-281] org.apache.catalina.core.ApplicationContext.log Manager: list: Listing contexts for virtual host 'localhost'
13-Mar-2024 22:50:05.007 INFO [http-nio-9999-exec-269] org.apache.catalina.core.ApplicationContext.log Manager: restart: Reloading web application '/shopping-cart'
13-Mar-2024 22:50:17.574 INFO [http-nio-9999-exec-270] org.apache.catalina.core.ApplicationContext.log Manager: list: Listing contexts for virtual host 'localhost'
13-Mar-2024 22:50:17.600 INFO [http-nio-9999-exec-272] org.apache.catalina.core.ApplicationContext.log Manager: restart: Reloading web application '/shopping-cart'
13-Mar-2024 22:50:18.625 INFO [http-nio-9999-exec-270] org.apache.catalina.core.ApplicationContext.log Manager: list: Listing contexts for virtual host 'localhost'
13-Mar-2024 22:50:18.658 INFO [http-nio-9999-exec-275] org.apache.catalina.core.ApplicationContext.log Manager: restart: Reloading web application '/shopping-cart'
13-Mar-2024 22:50:45.120 INFO [http-nio-9999-exec-282] org.apache.catalina.core.ApplicationContext.log Manager: list: Listing contexts for virtual host 'localhost'
13-Mar-2024 22:50:45.149 INFO [http-nio-9999-exec-274] org.apache.catalina.core.ApplicationContext.log Manager: restart: Reloading web application '/shopping-cart'
13-Mar-2024 22:50:46.149 INFO [http-nio-9999-exec-275] org.apache.catalina.core.ApplicationContext.log Manager: list: Listing contexts for virtual host 'localhost'
13-Mar-2024 22:50:46.184 INFO [http-nio-9999-exec-273] org.apache.catalina.core.ApplicationContext.log Manager: restart: Reloading web application '/shopping-cart'
13-Mar-2024 22:51:38.944 INFO [http-nio-9999-exec-272] org.apache.catalina.core.ApplicationContext.log Manager: list: Listing contexts for virtual host 'localhost'
13-Mar-2024 22:51:38.973 INFO [http-nio-9999-exec-274] org.apache.catalina.core.ApplicationContext.log Manager: restart: Reloading web application '/shopping-cart'
13-Mar-2024 22:51:39.947 INFO [http-nio-9999-exec-272] org.apache.catalina.core.ApplicationContext.log Manager: list: Listing contexts for virtual host 'localhost'
13-Mar-2024 22:51:40.303 INFO [http-nio-9999-exec-275] org.apache.catalina.core.ApplicationContext.log Manager: restart: Reloading web application '/shopping-cart'
13-Mar-2024 22:51:47.296 INFO [http-nio-9999-exec-282] org.apache.catalina.core.ApplicationContext.log Manager: list: Listing contexts for virtual host 'localhost'
13-Mar-2024 22:51:47.325 INFO [http-nio-9999-exec-274] org.apache.catalina.core.ApplicationContext.log Manager: restart: Reloading web application '/shopping-cart'
13-Mar-2024 22:51:48.297 INFO [http-nio-9999-exec-273] org.apache.catalina.core.ApplicationContext.log Manager: list: Listing contexts for virtual host 'localhost'
13-Mar-2024 22:51:48.335 INFO [http-nio-9999-exec-290] org.apache.catalina.core.ApplicationContext.log Manager: restart: Reloading web application '/shopping-cart'
13-Mar-2024 22:52:32.928 INFO [http-nio-9999-exec-283] org.apache.catalina.core.ApplicationContext.log Manager: list: Listing contexts for virtual host 'localhost'
13-Mar-2024 22:52:32.958 INFO [http-nio-9999-exec-274] org.apache.catalina.core.ApplicationContext.log Manager: restart: Reloading web application '/shopping-cart'
13-Mar-2024 22:52:33.908 INFO [http-nio-9999-exec-272] org.apache.catalina.core.ApplicationContext.log Manager: list: Listing contexts for virtual host 'localhost'
13-Mar-2024 22:52:33.943 INFO [http-nio-9999-exec-283] org.apache.catalina.core.ApplicationContext.log Manager: restart: Reloading web application '/shopping-cart'
13-Mar-2024 22:52:48.591 INFO [http-nio-9999-exec-291] org.apache.catalina.core.ApplicationContext.log Manager: list: Listing contexts for virtual host 'localhost'
13-Mar-2024 22:52:48.620 INFO [http-nio-9999-exec-286] org.apache.catalina.core.ApplicationContext.log Manager: restart: Reloading web application '/shopping-cart'
13-Mar-2024 22:52:49.651 INFO [http-nio-9999-exec-293] org.apache.catalina.core.ApplicationContext.log Manager: list: Listing contexts for virtual host 'localhost'
13-Mar-2024 22:52:49.686 INFO [http-nio-9999-exec-282] org.apache.catalina.core.ApplicationContext.log Manager: restart: Reloading web application '/shopping-cart'
13-Mar-2024 22:53:37.590 INFO [http-nio-9999-exec-291] org.apache.catalina.core.ApplicationContext.log Manager: list: Listing contexts for virtual host 'localhost'
13-Mar-2024 22:53:37.620 INFO [http-nio-9999-exec-293] org.apache.catalina.core.ApplicationContext.log Manager: restart: Reloading web application '/shopping-cart'
13-Mar-2024 22:53:38.575 INFO [http-nio-9999-exec-290] org.apache.catalina.core.ApplicationContext.log Manager: list: Listing contexts for virtual host 'localhost'
13-Mar-2024 22:53:38.615 INFO [http-nio-9999-exec-291] org.apache.catalina.core.ApplicationContext.log Manager: restart: Reloading web application '/shopping-cart'
13-Mar-2024 22:53:43.521 INFO [http-nio-9999-exec-274] org.apache.catalina.core.ApplicationContext.log Manager: list: Listing contexts for virtual host 'localhost'
13-Mar-2024 22:53:43.557 INFO [http-nio-9999-exec-284] org.apache.catalina.core.ApplicationContext.log Manager: restart: Reloading web application '/shopping-cart'
13-Mar-2024 22:53:44.547 INFO [http-nio-9999-exec-293] org.apache.catalina.core.ApplicationContext.log Manager: list: Listing contexts for virtual host 'localhost'
13-Mar-2024 22:53:44.583 INFO [http-nio-9999-exec-298] org.apache.catalina.core.ApplicationContext.log Manager: restart: Reloading web application '/shopping-cart'
13-Mar-2024 22:53:48.611 INFO [http-nio-9999-exec-282] org.apache.catalina.core.ApplicationContext.log Manager: list: Listing contexts for virtual host 'localhost'
13-Mar-2024 22:53:48.638 INFO [http-nio-9999-exec-296] org.apache.catalina.core.ApplicationContext.log Manager: restart: Reloading web application '/shopping-cart'
13-Mar-2024 22:53:49.607 INFO [http-nio-9999-exec-300] org.apache.catalina.core.ApplicationContext.log Manager: list: Listing contexts for virtual host 'localhost'
13-Mar-2024 22:53:49.639 INFO [http-nio-9999-exec-282] org.apache.catalina.core.ApplicationContext.log Manager: restart: Reloading web application '/shopping-cart'
13-Mar-2024 22:54:33.347 INFO [http-nio-9999-exec-300] org.apache.catalina.core.ApplicationContext.log Manager: list: Listing contexts for virtual host 'localhost'
13-Mar-2024 22:54:33.374 INFO [http-nio-9999-exec-298] org.apache.catalina.core.ApplicationContext.log Manager: restart: Reloading web application '/shopping-cart'
13-Mar-2024 22:54:34.383 INFO [http-nio-9999-exec-301] org.apache.catalina.core.ApplicationContext.log Manager: list: Listing contexts for virtual host 'localhost'
13-Mar-2024 22:54:34.417 INFO [http-nio-9999-exec-282] org.apache.catalina.core.ApplicationContext.log Manager: restart: Reloading web application '/shopping-cart'
13-Mar-2024 22:54:41.694 INFO [http-nio-9999-exec-291] org.apache.catalina.core.ApplicationContext.log Manager: list: Listing contexts for virtual host 'localhost'
13-Mar-2024 22:54:45.748 INFO [http-nio-9999-exec-302] org.apache.catalina.core.ApplicationContext.log Manager: list: Listing contexts for virtual host 'localhost'
13-Mar-2024 22:54:51.348 INFO [http-nio-9999-exec-300] org.apache.catalina.core.ApplicationContext.log Manager: list: Listing contexts for virtual host 'localhost'
13-Mar-2024 22:55:00.625 INFO [http-nio-9999-exec-306] org.apache.catalina.core.ApplicationContext.log Manager: list: Listing contexts for virtual host 'localhost'
13-Mar-2024 22:58:22.070 INFO [http-nio-9999-exec-312] org.apache.catalina.core.ApplicationContext.log Manager: list: Listing contexts for virtual host 'localhost'
13-Mar-2024 22:58:35.952 INFO [http-nio-9999-exec-309] org.apache.catalina.core.ApplicationContext.log Manager: list: Listing contexts for virtual host 'localhost'
13-Mar-2024 22:59:36.558 INFO [http-nio-9999-exec-313] org.apache.catalina.core.ApplicationContext.log Manager: list: Listing contexts for virtual host 'localhost'
13-Mar-2024 22:59:47.889 INFO [http-nio-9999-exec-305] org.apache.catalina.core.ApplicationContext.log Manager: list: Listing contexts for virtual host 'localhost'
13-Mar-2024 23:00:42.583 INFO [http-nio-9999-exec-311] org.apache.catalina.core.ApplicationContext.log Manager: list: Listing contexts for virtual host 'localhost'
13-Mar-2024 23:01:14.245 INFO [http-nio-9999-exec-307] org.apache.catalina.core.ApplicationContext.log Manager: list: Listing contexts for virtual host 'localhost'
13-Mar-2024 23:01:34.782 INFO [http-nio-9999-exec-309] org.apache.catalina.core.ApplicationContext.log Manager: list: Listing contexts for virtual host 'localhost'
13-Mar-2024 23:02:26.399 INFO [http-nio-9999-exec-309] org.apache.catalina.core.ApplicationContext.log Manager: list: Listing contexts for virtual host 'localhost'
13-Mar-2024 23:02:29.441 INFO [http-nio-9999-exec-305] org.apache.catalina.core.ApplicationContext.log Manager: list: Listing contexts for virtual host 'localhost'
13-Mar-2024 23:03:04.779 INFO [http-nio-9999-exec-306] org.apache.catalina.core.ApplicationContext.log Manager: list: Listing contexts for virtual host 'localhost'
13-Mar-2024 23:03:11.205 INFO [http-nio-9999-exec-307] org.apache.catalina.core.ApplicationContext.log Manager: list: Listing contexts for virtual host 'localhost'
13-Mar-2024 23:03:18.082 INFO [http-nio-9999-exec-313] org.apache.catalina.core.ApplicationContext.log Manager: list: Listing contexts for virtual host 'localhost'
13-Mar-2024 23:03:39.343 INFO [http-nio-9999-exec-308] org.apache.catalina.core.ApplicationContext.log Manager: list: Listing contexts for virtual host 'localhost'
13-Mar-2024 23:04:23.869 INFO [http-nio-9999-exec-313] org.apache.catalina.core.ApplicationContext.log Manager: list: Listing contexts for virtual host 'localhost'
13-Mar-2024 23:05:15.893 INFO [http-nio-9999-exec-306] org.apache.catalina.core.ApplicationContext.log Manager: list: Listing contexts for virtual host 'localhost'
13-Mar-2024 23:05:30.978 INFO [http-nio-9999-exec-310] org.apache.catalina.core.ApplicationContext.log Manager: list: Listing contexts for virtual host 'localhost'
13-Mar-2024 23:05:42.416 INFO [http-nio-9999-exec-313] org.apache.catalina.core.ApplicationContext.log Manager: list: Listing contexts for virtual host 'localhost'
13-Mar-2024 23:06:01.236 INFO [http-nio-9999-exec-312] org.apache.catalina.core.ApplicationContext.log Manager: list: Listing contexts for virtual host 'localhost'
13-Mar-2024 23:06:36.247 INFO [http-nio-9999-exec-309] org.apache.catalina.core.ApplicationContext.log Manager: list: Listing contexts for virtual host 'localhost'
13-Mar-2024 23:07:04.197 INFO [http-nio-9999-exec-309] org.apache.catalina.core.ApplicationContext.log Manager: list: Listing contexts for virtual host 'localhost'
13-Mar-2024 23:07:47.702 INFO [http-nio-9999-exec-306] org.apache.catalina.core.ApplicationContext.log Manager: list: Listing contexts for virtual host 'localhost'
13-Mar-2024 23:08:08.688 INFO [http-nio-9999-exec-309] org.apache.catalina.core.ApplicationContext.log Manager: list: Listing contexts for virtual host 'localhost'
13-Mar-2024 23:08:29.471 INFO [http-nio-9999-exec-313] org.apache.catalina.core.ApplicationContext.log Manager: list: Listing contexts for virtual host 'localhost'
13-Mar-2024 23:09:33.437 INFO [http-nio-9999-exec-308] org.apache.catalina.core.ApplicationContext.log Manager: list: Listing contexts for virtual host 'localhost'
13-Mar-2024 23:10:05.750 INFO [http-nio-9999-exec-310] org.apache.catalina.core.ApplicationContext.log Manager: list: Listing contexts for virtual host 'localhost'
13-Mar-2024 23:10:49.028 INFO [http-nio-9999-exec-305] org.apache.catalina.core.ApplicationContext.log Manager: list: Listing contexts for virtual host 'localhost'
13-Mar-2024 23:11:12.274 INFO [http-nio-9999-exec-308] org.apache.catalina.core.ApplicationContext.log Manager: list: Listing contexts for virtual host 'localhost'
13-Mar-2024 23:11:31.448 INFO [http-nio-9999-exec-312] org.apache.catalina.core.ApplicationContext.log Manager: list: Listing contexts for virtual host 'localhost'
13-Mar-2024 23:12:16.804 INFO [http-nio-9999-exec-312] org.apache.catalina.core.ApplicationContext.log Manager: list: Listing contexts for virtual host 'localhost'
13-Mar-2024 23:12:32.346 INFO [http-nio-9999-exec-304] org.apache.catalina.core.ApplicationContext.log Manager: list: Listing contexts for virtual host 'localhost'
13-Mar-2024 23:12:39.674 INFO [http-nio-9999-exec-308] org.apache.catalina.core.ApplicationContext.log Manager: list: Listing contexts for virtual host 'localhost'
13-Mar-2024 23:12:42.115 INFO [http-nio-9999-exec-311] org.apache.catalina.core.ApplicationContext.log Manager: list: Listing contexts for virtual host 'localhost'
13-Mar-2024 23:13:49.026 INFO [http-nio-9999-exec-308] org.apache.catalina.core.ApplicationContext.log Manager: list: Listing contexts for virtual host 'localhost'
13-Mar-2024 23:17:35.470 INFO [http-nio-9999-exec-312] org.apache.catalina.core.ApplicationContext.log Manager: list: Listing contexts for virtual host 'localhost'
13-Mar-2024 23:18:09.066 INFO [http-nio-9999-exec-305] org.apache.catalina.core.ApplicationContext.log Manager: list: Listing contexts for virtual host 'localhost'
13-Mar-2024 23:29:30.083 INFO [http-nio-9999-exec-309] org.apache.catalina.core.ApplicationContext.log Manager: list: Listing contexts for virtual host 'localhost'
