14-Mar-2024 00:01:05.669 INFO [http-nio-9999-exec-307] org.apache.catalina.core.ApplicationContext.log Manager: list: Listing contexts for virtual host 'localhost'
14-Mar-2024 00:01:05.725 INFO [http-nio-9999-exec-310] org.apache.catalina.core.ApplicationContext.log Manager: list: Listing contexts for virtual host 'localhost'
14-Mar-2024 00:01:48.744 INFO [http-nio-9999-exec-306] org.apache.catalina.core.ApplicationContext.log Manager: list: Listing contexts for virtual host 'localhost'
14-Mar-2024 00:02:09.547 INFO [http-nio-9999-exec-312] org.apache.catalina.core.ApplicationContext.log Manager: list: Listing contexts for virtual host 'localhost'
14-Mar-2024 00:03:45.158 INFO [http-nio-9999-exec-309] org.apache.catalina.core.ApplicationContext.log Manager: list: Listing contexts for virtual host 'localhost'
14-Mar-2024 00:04:01.064 INFO [http-nio-9999-exec-304] org.apache.catalina.core.ApplicationContext.log Manager: list: Listing contexts for virtual host 'localhost'
14-Mar-2024 00:04:06.433 INFO [http-nio-9999-exec-312] org.apache.catalina.core.ApplicationContext.log Manager: list: Listing contexts for virtual host 'localhost'
14-Mar-2024 00:05:00.796 INFO [http-nio-9999-exec-312] org.apache.catalina.core.ApplicationContext.log Manager: list: Listing contexts for virtual host 'localhost'
14-Mar-2024 00:05:40.867 INFO [http-nio-9999-exec-312] org.apache.catalina.core.ApplicationContext.log Manager: list: Listing contexts for virtual host 'localhost'
14-Mar-2024 00:05:57.196 INFO [http-nio-9999-exec-305] org.apache.catalina.core.ApplicationContext.log Manager: list: Listing contexts for virtual host 'localhost'
14-Mar-2024 00:06:32.267 INFO [http-nio-9999-exec-305] org.apache.catalina.core.ApplicationContext.log Manager: list: Listing contexts for virtual host 'localhost'
14-Mar-2024 00:07:01.633 INFO [http-nio-9999-exec-310] org.apache.catalina.core.ApplicationContext.log Manager: list: Listing contexts for virtual host 'localhost'
14-Mar-2024 00:07:12.716 INFO [http-nio-9999-exec-307] org.apache.catalina.core.ApplicationContext.log Manager: list: Listing contexts for virtual host 'localhost'
14-Mar-2024 00:07:15.587 INFO [http-nio-9999-exec-311] org.apache.catalina.core.ApplicationContext.log Manager: list: Listing contexts for virtual host 'localhost'
14-Mar-2024 00:07:38.469 INFO [http-nio-9999-exec-311] org.apache.catalina.core.ApplicationContext.log Manager: list: Listing contexts for virtual host 'localhost'
14-Mar-2024 00:08:09.503 INFO [http-nio-9999-exec-305] org.apache.catalina.core.ApplicationContext.log Manager: list: Listing contexts for virtual host 'localhost'
14-Mar-2024 00:08:36.765 INFO [http-nio-9999-exec-305] org.apache.catalina.core.ApplicationContext.log Manager: list: Listing contexts for virtual host 'localhost'
14-Mar-2024 00:08:46.490 INFO [http-nio-9999-exec-309] org.apache.catalina.core.ApplicationContext.log Manager: list: Listing contexts for virtual host 'localhost'
14-Mar-2024 00:08:49.794 INFO [http-nio-9999-exec-311] org.apache.catalina.core.ApplicationContext.log Manager: list: Listing contexts for virtual host 'localhost'
14-Mar-2024 00:09:11.473 INFO [http-nio-9999-exec-313] org.apache.catalina.core.ApplicationContext.log Manager: list: Listing contexts for virtual host 'localhost'
14-Mar-2024 00:09:26.306 INFO [http-nio-9999-exec-310] org.apache.catalina.core.ApplicationContext.log Manager: list: Listing contexts for virtual host 'localhost'
14-Mar-2024 00:09:43.839 INFO [http-nio-9999-exec-307] org.apache.catalina.core.ApplicationContext.log Manager: list: Listing contexts for virtual host 'localhost'
14-Mar-2024 00:09:47.975 INFO [http-nio-9999-exec-308] org.apache.catalina.core.ApplicationContext.log Manager: list: Listing contexts for virtual host 'localhost'
14-Mar-2024 00:09:50.540 INFO [http-nio-9999-exec-312] org.apache.catalina.core.ApplicationContext.log Manager: list: Listing contexts for virtual host 'localhost'
14-Mar-2024 00:09:54.948 INFO [http-nio-9999-exec-309] org.apache.catalina.core.ApplicationContext.log Manager: list: Listing contexts for virtual host 'localhost'
14-Mar-2024 00:12:15.510 INFO [http-nio-9999-exec-309] org.apache.catalina.core.ApplicationContext.log Manager: list: Listing contexts for virtual host 'localhost'
14-Mar-2024 00:12:52.131 INFO [http-nio-9999-exec-304] org.apache.catalina.core.ApplicationContext.log Manager: list: Listing contexts for virtual host 'localhost'
14-Mar-2024 00:12:56.506 INFO [http-nio-9999-exec-311] org.apache.catalina.core.ApplicationContext.log Manager: list: Listing contexts for virtual host 'localhost'
14-Mar-2024 00:13:43.338 INFO [http-nio-9999-exec-304] org.apache.catalina.core.ApplicationContext.log Manager: list: Listing contexts for virtual host 'localhost'
14-Mar-2024 00:14:05.801 INFO [http-nio-9999-exec-304] org.apache.catalina.core.ApplicationContext.log Manager: list: Listing contexts for virtual host 'localhost'
14-Mar-2024 00:14:07.318 INFO [http-nio-9999-exec-309] org.apache.catalina.core.ApplicationContext.log Manager: list: Listing contexts for virtual host 'localhost'
14-Mar-2024 00:14:31.169 INFO [http-nio-9999-exec-310] org.apache.catalina.core.ApplicationContext.log Manager: list: Listing contexts for virtual host 'localhost'
14-Mar-2024 00:14:53.317 INFO [http-nio-9999-exec-307] org.apache.catalina.core.ApplicationContext.log Manager: list: Listing contexts for virtual host 'localhost'
14-Mar-2024 00:14:58.283 INFO [http-nio-9999-exec-307] org.apache.catalina.core.ApplicationContext.log Manager: list: Listing contexts for virtual host 'localhost'
14-Mar-2024 00:16:38.514 INFO [http-nio-9999-exec-307] org.apache.catalina.core.ApplicationContext.log Manager: list: Listing contexts for virtual host 'localhost'
14-Mar-2024 00:17:09.780 INFO [http-nio-9999-exec-312] org.apache.catalina.core.ApplicationContext.log Manager: list: Listing contexts for virtual host 'localhost'
14-Mar-2024 00:17:30.886 INFO [http-nio-9999-exec-309] org.apache.catalina.core.ApplicationContext.log Manager: list: Listing contexts for virtual host 'localhost'
14-Mar-2024 00:17:41.590 INFO [http-nio-9999-exec-309] org.apache.catalina.core.ApplicationContext.log Manager: list: Listing contexts for virtual host 'localhost'
14-Mar-2024 00:18:25.659 INFO [http-nio-9999-exec-309] org.apache.catalina.core.ApplicationContext.log Manager: list: Listing contexts for virtual host 'localhost'
14-Mar-2024 00:19:28.219 INFO [http-nio-9999-exec-312] org.apache.catalina.core.ApplicationContext.log Manager: list: Listing contexts for virtual host 'localhost'
14-Mar-2024 00:19:39.555 INFO [http-nio-9999-exec-306] org.apache.catalina.core.ApplicationContext.log Manager: list: Listing contexts for virtual host 'localhost'
14-Mar-2024 00:19:46.546 INFO [http-nio-9999-exec-311] org.apache.catalina.core.ApplicationContext.log Manager: list: Listing contexts for virtual host 'localhost'
14-Mar-2024 00:19:52.725 INFO [http-nio-9999-exec-307] org.apache.catalina.core.ApplicationContext.log Manager: list: Listing contexts for virtual host 'localhost'
14-Mar-2024 00:21:14.600 INFO [http-nio-9999-exec-304] org.apache.catalina.core.ApplicationContext.log Manager: list: Listing contexts for virtual host 'localhost'
14-Mar-2024 00:21:24.128 INFO [http-nio-9999-exec-308] org.apache.catalina.core.ApplicationContext.log Manager: list: Listing contexts for virtual host 'localhost'
14-Mar-2024 00:22:06.097 INFO [http-nio-9999-exec-305] org.apache.catalina.core.ApplicationContext.log Manager: list: Listing contexts for virtual host 'localhost'
14-Mar-2024 00:22:32.783 INFO [http-nio-9999-exec-313] org.apache.catalina.core.ApplicationContext.log Manager: list: Listing contexts for virtual host 'localhost'
14-Mar-2024 00:22:40.454 INFO [http-nio-9999-exec-306] org.apache.catalina.core.ApplicationContext.log Manager: list: Listing contexts for virtual host 'localhost'
14-Mar-2024 00:23:05.150 INFO [http-nio-9999-exec-312] org.apache.catalina.core.ApplicationContext.log Manager: list: Listing contexts for virtual host 'localhost'
14-Mar-2024 00:26:12.367 INFO [http-nio-9999-exec-313] org.apache.catalina.core.ApplicationContext.log Manager: list: Listing contexts for virtual host 'localhost'
14-Mar-2024 00:26:26.339 INFO [http-nio-9999-exec-304] org.apache.catalina.core.ApplicationContext.log Manager: list: Listing contexts for virtual host 'localhost'
14-Mar-2024 00:27:42.354 INFO [http-nio-9999-exec-308] org.apache.catalina.core.ApplicationContext.log Manager: list: Listing contexts for virtual host 'localhost'
14-Mar-2024 00:28:06.807 INFO [http-nio-9999-exec-310] org.apache.catalina.core.ApplicationContext.log Manager: list: Listing contexts for virtual host 'localhost'
14-Mar-2024 00:28:11.964 INFO [http-nio-9999-exec-312] org.apache.catalina.core.ApplicationContext.log Manager: list: Listing contexts for virtual host 'localhost'
14-Mar-2024 00:28:21.327 INFO [http-nio-9999-exec-305] org.apache.catalina.core.ApplicationContext.log Manager: list: Listing contexts for virtual host 'localhost'
14-Mar-2024 00:28:41.111 INFO [http-nio-9999-exec-304] org.apache.catalina.core.ApplicationContext.log Manager: list: Listing contexts for virtual host 'localhost'
14-Mar-2024 00:28:50.559 INFO [http-nio-9999-exec-308] org.apache.catalina.core.ApplicationContext.log Manager: list: Listing contexts for virtual host 'localhost'
14-Mar-2024 00:28:57.847 INFO [http-nio-9999-exec-307] org.apache.catalina.core.ApplicationContext.log Manager: list: Listing contexts for virtual host 'localhost'
14-Mar-2024 00:29:03.363 INFO [http-nio-9999-exec-304] org.apache.catalina.core.ApplicationContext.log Manager: list: Listing contexts for virtual host 'localhost'
14-Mar-2024 00:29:30.618 INFO [http-nio-9999-exec-311] org.apache.catalina.core.ApplicationContext.log Manager: list: Listing contexts for virtual host 'localhost'
14-Mar-2024 08:07:35.997 INFO [http-nio-9999-exec-313] org.apache.catalina.core.ApplicationContext.log Manager: list: Listing contexts for virtual host 'localhost'
14-Mar-2024 08:07:36.231 INFO [http-nio-9999-exec-308] org.apache.catalina.core.ApplicationContext.log Manager: list: Listing contexts for virtual host 'localhost'
14-Mar-2024 08:07:36.527 INFO [http-nio-9999-exec-305] org.apache.catalina.core.ApplicationContext.log Manager: list: Listing contexts for virtual host 'localhost'
14-Mar-2024 08:07:36.797 INFO [http-nio-9999-exec-307] org.apache.catalina.core.ApplicationContext.log Manager: list: Listing contexts for virtual host 'localhost'
14-Mar-2024 08:07:36.886 INFO [http-nio-9999-exec-311] org.apache.catalina.core.ApplicationContext.log Manager: restart: Reloading web application '/shopping-cart'
14-Mar-2024 08:07:39.474 INFO [http-nio-9999-exec-307] org.apache.catalina.core.ApplicationContext.log Manager: list: Listing contexts for virtual host 'localhost'
14-Mar-2024 08:07:39.523 INFO [http-nio-9999-exec-309] org.apache.catalina.core.ApplicationContext.log Manager: restart: Reloading web application '/shopping-cart'
14-Mar-2024 08:07:40.346 INFO [http-nio-9999-exec-306] org.apache.catalina.core.ApplicationContext.log Manager: list: Listing contexts for virtual host 'localhost'
14-Mar-2024 08:07:40.407 INFO [http-nio-9999-exec-312] org.apache.catalina.core.ApplicationContext.log Manager: restart: Reloading web application '/shopping-cart'
14-Mar-2024 08:07:41.770 INFO [http-nio-9999-exec-313] org.apache.catalina.core.ApplicationContext.log Manager: list: Listing contexts for virtual host 'localhost'
14-Mar-2024 08:07:41.865 INFO [http-nio-9999-exec-310] org.apache.catalina.core.ApplicationContext.log Manager: restart: Reloading web application '/shopping-cart'
14-Mar-2024 08:07:42.795 INFO [http-nio-9999-exec-304] org.apache.catalina.core.ApplicationContext.log Manager: list: Listing contexts for virtual host 'localhost'
14-Mar-2024 08:07:42.863 INFO [http-nio-9999-exec-307] org.apache.catalina.core.ApplicationContext.log Manager: restart: Reloading web application '/shopping-cart'
14-Mar-2024 08:07:44.019 INFO [http-nio-9999-exec-313] org.apache.catalina.core.ApplicationContext.log Manager: list: Listing contexts for virtual host 'localhost'
14-Mar-2024 08:07:44.246 INFO [http-nio-9999-exec-314] org.apache.catalina.core.ApplicationContext.log Manager: restart: Reloading web application '/shopping-cart'
14-Mar-2024 08:07:45.053 INFO [http-nio-9999-exec-318] org.apache.catalina.core.ApplicationContext.log Manager: list: Listing contexts for virtual host 'localhost'
14-Mar-2024 08:07:45.133 INFO [http-nio-9999-exec-306] org.apache.catalina.core.ApplicationContext.log Manager: restart: Reloading web application '/shopping-cart'
14-Mar-2024 08:09:31.773 INFO [http-nio-9999-exec-315] org.apache.catalina.core.ApplicationContext.log Manager: list: Listing contexts for virtual host 'localhost'
14-Mar-2024 08:09:31.814 INFO [http-nio-9999-exec-319] org.apache.catalina.core.ApplicationContext.log Manager: restart: Reloading web application '/shopping-cart'
14-Mar-2024 08:09:32.796 INFO [http-nio-9999-exec-317] org.apache.catalina.core.ApplicationContext.log Manager: list: Listing contexts for virtual host 'localhost'
14-Mar-2024 08:09:32.839 INFO [http-nio-9999-exec-306] org.apache.catalina.core.ApplicationContext.log Manager: restart: Reloading web application '/shopping-cart'
14-Mar-2024 08:11:02.732 INFO [http-nio-9999-exec-320] org.apache.catalina.core.ApplicationContext.log Manager: list: Listing contexts for virtual host 'localhost'
14-Mar-2024 08:11:02.783 INFO [http-nio-9999-exec-313] org.apache.catalina.core.ApplicationContext.log Manager: restart: Reloading web application '/shopping-cart'
14-Mar-2024 08:11:03.846 INFO [http-nio-9999-exec-323] org.apache.catalina.core.ApplicationContext.log Manager: list: Listing contexts for virtual host 'localhost'
14-Mar-2024 08:11:03.891 INFO [http-nio-9999-exec-306] org.apache.catalina.core.ApplicationContext.log Manager: restart: Reloading web application '/shopping-cart'
14-Mar-2024 08:11:04.604 INFO [http-nio-9999-exec-313] org.apache.catalina.core.ApplicationContext.log Manager: list: Listing contexts for virtual host 'localhost'
14-Mar-2024 08:11:04.643 INFO [http-nio-9999-exec-320] org.apache.catalina.core.ApplicationContext.log Manager: restart: Reloading web application '/shopping-cart'
14-Mar-2024 08:11:13.958 INFO [http-nio-9999-exec-306] org.apache.catalina.core.ApplicationContext.log Manager: list: Listing contexts for virtual host 'localhost'
14-Mar-2024 08:11:13.997 INFO [http-nio-9999-exec-317] org.apache.catalina.core.ApplicationContext.log Manager: restart: Reloading web application '/shopping-cart'
14-Mar-2024 08:11:15.124 INFO [http-nio-9999-exec-321] org.apache.catalina.core.ApplicationContext.log Manager: list: Listing contexts for virtual host 'localhost'
14-Mar-2024 08:11:15.164 INFO [http-nio-9999-exec-306] org.apache.catalina.core.ApplicationContext.log Manager: restart: Reloading web application '/shopping-cart'
14-Mar-2024 08:11:15.916 INFO [http-nio-9999-exec-326] org.apache.catalina.core.ApplicationContext.log Manager: list: Listing contexts for virtual host 'localhost'
14-Mar-2024 08:11:15.956 INFO [http-nio-9999-exec-317] org.apache.catalina.core.ApplicationContext.log Manager: restart: Reloading web application '/shopping-cart'
14-Mar-2024 08:11:25.563 INFO [http-nio-9999-exec-324] org.apache.catalina.core.ApplicationContext.log Manager: list: Listing contexts for virtual host 'localhost'
14-Mar-2024 08:11:25.608 INFO [http-nio-9999-exec-327] org.apache.catalina.core.ApplicationContext.log Manager: restart: Reloading web application '/shopping-cart'
14-Mar-2024 08:11:26.623 INFO [http-nio-9999-exec-328] org.apache.catalina.core.ApplicationContext.log Manager: list: Listing contexts for virtual host 'localhost'
14-Mar-2024 08:11:26.658 INFO [http-nio-9999-exec-305] org.apache.catalina.core.ApplicationContext.log Manager: restart: Reloading web application '/shopping-cart'
14-Mar-2024 08:11:27.483 INFO [http-nio-9999-exec-306] org.apache.catalina.core.ApplicationContext.log Manager: list: Listing contexts for virtual host 'localhost'
14-Mar-2024 08:11:27.537 INFO [http-nio-9999-exec-326] org.apache.catalina.core.ApplicationContext.log Manager: restart: Reloading web application '/shopping-cart'
14-Mar-2024 08:11:47.654 INFO [http-nio-9999-exec-324] org.apache.catalina.core.ApplicationContext.log Manager: list: Listing contexts for virtual host 'localhost'
14-Mar-2024 08:11:47.701 INFO [http-nio-9999-exec-327] org.apache.catalina.core.ApplicationContext.log Manager: restart: Reloading web application '/shopping-cart'
14-Mar-2024 08:11:48.824 INFO [http-nio-9999-exec-332] org.apache.catalina.core.ApplicationContext.log Manager: list: Listing contexts for virtual host 'localhost'
14-Mar-2024 08:11:48.876 INFO [http-nio-9999-exec-306] org.apache.catalina.core.ApplicationContext.log Manager: restart: Reloading web application '/shopping-cart'
14-Mar-2024 08:13:35.228 INFO [http-nio-9999-exec-329] org.apache.catalina.core.ApplicationContext.log Manager: list: Listing contexts for virtual host 'localhost'
14-Mar-2024 08:13:35.279 INFO [http-nio-9999-exec-334] org.apache.catalina.core.ApplicationContext.log Manager: restart: Reloading web application '/shopping-cart'
14-Mar-2024 08:13:36.483 INFO [http-nio-9999-exec-331] org.apache.catalina.core.ApplicationContext.log Manager: list: Listing contexts for virtual host 'localhost'
14-Mar-2024 08:13:36.529 INFO [http-nio-9999-exec-306] org.apache.catalina.core.ApplicationContext.log Manager: restart: Reloading web application '/shopping-cart'
14-Mar-2024 08:13:37.654 INFO [http-nio-9999-exec-332] org.apache.catalina.core.ApplicationContext.log Manager: list: Listing contexts for virtual host 'localhost'
14-Mar-2024 08:13:37.742 INFO [http-nio-9999-exec-333] org.apache.catalina.core.ApplicationContext.log Manager: restart: Reloading web application '/shopping-cart'
14-Mar-2024 08:13:38.438 INFO [http-nio-9999-exec-338] org.apache.catalina.core.ApplicationContext.log Manager: list: Listing contexts for virtual host 'localhost'
14-Mar-2024 08:13:38.495 INFO [http-nio-9999-exec-305] org.apache.catalina.core.ApplicationContext.log Manager: restart: Reloading web application '/shopping-cart'
14-Mar-2024 08:13:53.774 INFO [http-nio-9999-exec-329] org.apache.catalina.core.ApplicationContext.log Manager: list: Listing contexts for virtual host 'localhost'
14-Mar-2024 08:13:53.834 INFO [http-nio-9999-exec-338] org.apache.catalina.core.ApplicationContext.log Manager: restart: Reloading web application '/shopping-cart'
14-Mar-2024 08:13:54.900 INFO [http-nio-9999-exec-339] org.apache.catalina.core.ApplicationContext.log Manager: list: Listing contexts for virtual host 'localhost'
14-Mar-2024 08:13:54.966 INFO [http-nio-9999-exec-332] org.apache.catalina.core.ApplicationContext.log Manager: restart: Reloading web application '/shopping-cart'
14-Mar-2024 08:15:27.599 INFO [http-nio-9999-exec-334] org.apache.catalina.core.ApplicationContext.log Manager: list: Listing contexts for virtual host 'localhost'
14-Mar-2024 08:15:27.635 INFO [http-nio-9999-exec-329] org.apache.catalina.core.ApplicationContext.log Manager: restart: Reloading web application '/shopping-cart'
14-Mar-2024 08:15:28.732 INFO [http-nio-9999-exec-324] org.apache.catalina.core.ApplicationContext.log Manager: list: Listing contexts for virtual host 'localhost'
14-Mar-2024 08:15:28.795 INFO [http-nio-9999-exec-343] org.apache.catalina.core.ApplicationContext.log Manager: restart: Reloading web application '/shopping-cart'
14-Mar-2024 08:15:29.571 INFO [http-nio-9999-exec-344] org.apache.catalina.core.ApplicationContext.log Manager: list: Listing contexts for virtual host 'localhost'
14-Mar-2024 08:15:29.637 INFO [http-nio-9999-exec-324] org.apache.catalina.core.ApplicationContext.log Manager: restart: Reloading web application '/shopping-cart'
14-Mar-2024 08:16:11.683 INFO [http-nio-9999-exec-329] org.apache.catalina.core.ApplicationContext.log Manager: list: Listing contexts for virtual host 'localhost'
14-Mar-2024 08:16:11.717 INFO [http-nio-9999-exec-334] org.apache.catalina.core.ApplicationContext.log Manager: restart: Reloading web application '/shopping-cart'
14-Mar-2024 08:16:12.713 INFO [http-nio-9999-exec-329] org.apache.catalina.core.ApplicationContext.log Manager: list: Listing contexts for virtual host 'localhost'
14-Mar-2024 08:16:12.759 INFO [http-nio-9999-exec-342] org.apache.catalina.core.ApplicationContext.log Manager: restart: Reloading web application '/shopping-cart'
14-Mar-2024 08:16:17.738 INFO [http-nio-9999-exec-345] org.apache.catalina.core.ApplicationContext.log Manager: list: Listing contexts for virtual host 'localhost'
14-Mar-2024 08:16:17.740 INFO [http-nio-9999-exec-346] org.apache.catalina.core.ApplicationContext.log Manager: list: Listing contexts for virtual host 'localhost'
14-Mar-2024 08:16:18.209 INFO [http-nio-9999-exec-334] org.apache.catalina.core.ApplicationContext.log Manager: undeploy: Undeploying web application at '/shopping-cart'
14-Mar-2024 08:16:18.760 INFO [http-nio-9999-exec-342] org.apache.catalina.core.ApplicationContext.log Manager: install: Installing context configuration at 'file:/C:/Users/DINHNG~1/AppData/Local/Temp/context7249363951303941619.xml'
14-Mar-2024 08:16:19.498 INFO [http-nio-9999-exec-345] org.apache.catalina.core.ApplicationContext.log Manager: start: Starting web application '/shopping-cart'
14-Mar-2024 08:18:11.130 INFO [http-nio-9999-exec-329] org.apache.catalina.core.ApplicationContext.log Manager: list: Listing contexts for virtual host 'localhost'
14-Mar-2024 08:18:11.136 INFO [http-nio-9999-exec-356] org.apache.catalina.core.ApplicationContext.log Manager: list: Listing contexts for virtual host 'localhost'
14-Mar-2024 08:18:11.297 INFO [http-nio-9999-exec-349] org.apache.catalina.core.ApplicationContext.log Manager: undeploy: Undeploying web application at '/shopping-cart'
14-Mar-2024 08:18:11.869 INFO [http-nio-9999-exec-350] org.apache.catalina.core.ApplicationContext.log Manager: install: Installing context configuration at 'file:/C:/Users/DINHNG~1/AppData/Local/Temp/context6879689854817013016.xml'
14-Mar-2024 08:18:12.678 INFO [http-nio-9999-exec-357] org.apache.catalina.core.ApplicationContext.log Manager: start: Starting web application '/shopping-cart'
14-Mar-2024 08:22:21.633 INFO [http-nio-9999-exec-362] org.apache.catalina.core.ApplicationContext.log Manager: list: Listing contexts for virtual host 'localhost'
14-Mar-2024 08:22:33.816 INFO [http-nio-9999-exec-365] org.apache.catalina.core.ApplicationContext.log Manager: list: Listing contexts for virtual host 'localhost'
14-Mar-2024 08:22:33.851 INFO [http-nio-9999-exec-360] org.apache.catalina.core.ApplicationContext.log Manager: restart: Reloading web application '/shopping-cart'
14-Mar-2024 08:22:42.505 INFO [http-nio-9999-exec-367] org.apache.catalina.core.ApplicationContext.log Manager: list: Listing contexts for virtual host 'localhost'
14-Mar-2024 08:22:42.531 INFO [http-nio-9999-exec-366] org.apache.catalina.core.ApplicationContext.log Manager: restart: Reloading web application '/shopping-cart'
14-Mar-2024 08:22:45.800 INFO [http-nio-9999-exec-349] org.apache.catalina.core.ApplicationContext.log Manager: list: Listing contexts for virtual host 'localhost'
14-Mar-2024 08:22:45.804 INFO [http-nio-9999-exec-364] org.apache.catalina.core.ApplicationContext.log Manager: list: Listing contexts for virtual host 'localhost'
14-Mar-2024 08:22:45.855 INFO [http-nio-9999-exec-362] org.apache.catalina.core.ApplicationContext.log Manager: undeploy: Undeploying web application at '/shopping-cart'
14-Mar-2024 08:22:46.414 INFO [http-nio-9999-exec-368] org.apache.catalina.core.ApplicationContext.log Manager: install: Installing context configuration at 'file:/C:/Users/DINHNG~1/AppData/Local/Temp/context3960209108031310056.xml'
14-Mar-2024 08:22:47.098 INFO [http-nio-9999-exec-359] org.apache.catalina.core.ApplicationContext.log Manager: start: Starting web application '/shopping-cart'
14-Mar-2024 08:24:23.717 INFO [http-nio-9999-exec-329] org.apache.catalina.core.ApplicationContext.log Manager: list: Listing contexts for virtual host 'localhost'
14-Mar-2024 08:24:23.742 INFO [http-nio-9999-exec-375] org.apache.catalina.core.ApplicationContext.log Manager: restart: Reloading web application '/shopping-cart'
14-Mar-2024 08:24:32.074 INFO [http-nio-9999-exec-375] org.apache.catalina.core.ApplicationContext.log Manager: list: Listing contexts for virtual host 'localhost'
14-Mar-2024 08:24:32.079 INFO [http-nio-9999-exec-362] org.apache.catalina.core.ApplicationContext.log Manager: list: Listing contexts for virtual host 'localhost'
14-Mar-2024 08:24:32.127 INFO [http-nio-9999-exec-365] org.apache.catalina.core.ApplicationContext.log Manager: undeploy: Undeploying web application at '/shopping-cart'
14-Mar-2024 08:24:32.664 INFO [http-nio-9999-exec-376] org.apache.catalina.core.ApplicationContext.log Manager: install: Installing context configuration at 'file:/C:/Users/DINHNG~1/AppData/Local/Temp/context1637895025296124964.xml'
14-Mar-2024 08:24:33.353 INFO [http-nio-9999-exec-372] org.apache.catalina.core.ApplicationContext.log Manager: start: Starting web application '/shopping-cart'
14-Mar-2024 08:25:47.842 INFO [http-nio-9999-exec-380] org.apache.catalina.core.ApplicationContext.log Manager: list: Listing contexts for virtual host 'localhost'
14-Mar-2024 08:25:47.845 INFO [http-nio-9999-exec-349] org.apache.catalina.core.ApplicationContext.log Manager: list: Listing contexts for virtual host 'localhost'
14-Mar-2024 08:25:47.888 INFO [http-nio-9999-exec-371] org.apache.catalina.core.ApplicationContext.log Manager: undeploy: Undeploying web application at '/shopping-cart'
14-Mar-2024 08:25:48.432 INFO [http-nio-9999-exec-349] org.apache.catalina.core.ApplicationContext.log Manager: install: Installing context configuration at 'file:/C:/Users/DINHNG~1/AppData/Local/Temp/context1307149904894770871.xml'
14-Mar-2024 08:25:49.168 INFO [http-nio-9999-exec-378] org.apache.catalina.core.ApplicationContext.log Manager: start: Starting web application '/shopping-cart'
14-Mar-2024 08:26:57.346 INFO [http-nio-9999-exec-365] org.apache.catalina.core.ApplicationContext.log Manager: list: Listing contexts for virtual host 'localhost'
14-Mar-2024 08:26:57.368 INFO [http-nio-9999-exec-383] org.apache.catalina.core.ApplicationContext.log Manager: restart: Reloading web application '/shopping-cart'
14-Mar-2024 08:28:26.811 INFO [http-nio-9999-exec-385] org.apache.catalina.core.ApplicationContext.log Manager: list: Listing contexts for virtual host 'localhost'
14-Mar-2024 08:28:26.824 INFO [http-nio-9999-exec-391] org.apache.catalina.core.ApplicationContext.log Manager: undeploy: Undeploying web application at '/shopping-cart'
14-Mar-2024 08:28:46.536 INFO [http-nio-9999-exec-381] org.apache.catalina.core.ApplicationContext.log Manager: list: Listing contexts for virtual host 'localhost'
14-Mar-2024 08:28:46.538 INFO [http-nio-9999-exec-392] org.apache.catalina.core.ApplicationContext.log Manager: list: Listing contexts for virtual host 'localhost'
14-Mar-2024 08:28:46.595 INFO [http-nio-9999-exec-385] org.apache.catalina.core.ApplicationContext.log Manager: install: Installing context configuration at 'file:/C:/Users/DINHNG~1/AppData/Local/Temp/context1917427256883479899.xml'
14-Mar-2024 08:28:47.324 INFO [http-nio-9999-exec-391] org.apache.catalina.core.ApplicationContext.log Manager: start: Starting web application '/shopping-cart'
14-Mar-2024 08:29:14.731 INFO [http-nio-9999-exec-381] org.apache.catalina.core.ApplicationContext.log Manager: list: Listing contexts for virtual host 'localhost'
14-Mar-2024 08:29:14.754 INFO [http-nio-9999-exec-392] org.apache.catalina.core.ApplicationContext.log Manager: restart: Reloading web application '/shopping-cart'
14-Mar-2024 08:29:41.147 INFO [http-nio-9999-exec-391] org.apache.catalina.core.ApplicationContext.log Manager: list: Listing contexts for virtual host 'localhost'
14-Mar-2024 08:29:41.156 INFO [http-nio-9999-exec-394] org.apache.catalina.core.ApplicationContext.log Manager: undeploy: Undeploying web application at '/shopping-cart'
14-Mar-2024 08:30:44.253 INFO [http-nio-9999-exec-398] org.apache.catalina.core.ApplicationContext.log Manager: list: Listing contexts for virtual host 'localhost'
14-Mar-2024 08:30:44.257 INFO [http-nio-9999-exec-387] org.apache.catalina.core.ApplicationContext.log Manager: list: Listing contexts for virtual host 'localhost'
14-Mar-2024 08:30:44.314 INFO [http-nio-9999-exec-400] org.apache.catalina.core.ApplicationContext.log Manager: install: Installing context configuration at 'file:/C:/Users/DINHNG~1/AppData/Local/Temp/context9220767201125531534.xml'
14-Mar-2024 08:30:44.994 INFO [http-nio-9999-exec-394] org.apache.catalina.core.ApplicationContext.log Manager: start: Starting web application '/shopping-cart'
14-Mar-2024 08:36:01.959 INFO [http-nio-9999-exec-10] org.apache.catalina.core.ApplicationContext.log Manager: init: Associated with Deployer 'Catalina:type=Deployer,host=localhost'
14-Mar-2024 08:36:01.959 INFO [http-nio-9999-exec-10] org.apache.catalina.core.ApplicationContext.log Manager: init: Global resources are available
14-Mar-2024 08:36:02.048 INFO [http-nio-9999-exec-2] org.apache.catalina.core.ApplicationContext.log Manager: list: Listing contexts for virtual host 'localhost'
14-Mar-2024 08:36:02.055 INFO [http-nio-9999-exec-11] org.apache.catalina.core.ApplicationContext.log Manager: list: Listing contexts for virtual host 'localhost'
14-Mar-2024 08:36:02.653 INFO [http-nio-9999-exec-5] org.apache.catalina.core.ApplicationContext.log Manager: undeploy: Undeploying web application at '/shopping-cart'
14-Mar-2024 08:36:03.216 INFO [http-nio-9999-exec-2] org.apache.catalina.core.ApplicationContext.log Manager: undeploy: Undeploying web application at '/shopping-cart'
14-Mar-2024 08:36:03.258 INFO [http-nio-9999-exec-6] org.apache.catalina.core.ApplicationContext.log Manager: install: Installing context configuration at 'file:/C:/Users/DINHNG~1/AppData/Local/Temp/context5467265999890971782.xml'
14-Mar-2024 08:36:04.419 INFO [http-nio-9999-exec-1] org.apache.catalina.core.ApplicationContext.log Manager: start: Starting web application '/shopping-cart'
14-Mar-2024 08:39:11.769 INFO [http-nio-9999-exec-14] org.apache.catalina.core.ApplicationContext.log Manager: list: Listing contexts for virtual host 'localhost'
14-Mar-2024 08:39:11.873 INFO [http-nio-9999-exec-19] org.apache.catalina.core.ApplicationContext.log Manager: undeploy: Undeploying web application at '/shopping-cart'
14-Mar-2024 08:39:12.434 INFO [http-nio-9999-exec-14] org.apache.catalina.core.ApplicationContext.log Manager: install: Installing context configuration at 'file:/C:/Users/DINHNG~1/AppData/Local/Temp/context3237571064810284901.xml'
14-Mar-2024 08:39:14.940 INFO [http-nio-9999-exec-21] org.apache.catalina.core.ApplicationContext.log Manager: start: Starting web application '/shopping-cart'
14-Mar-2024 08:42:43.094 INFO [http-nio-9999-exec-29] org.apache.catalina.core.ApplicationContext.log Manager: list: Listing contexts for virtual host 'localhost'
14-Mar-2024 08:42:43.098 INFO [http-nio-9999-exec-28] org.apache.catalina.core.ApplicationContext.log Manager: list: Listing contexts for virtual host 'localhost'
14-Mar-2024 08:42:43.187 INFO [http-nio-9999-exec-30] org.apache.catalina.core.ApplicationContext.log Manager: undeploy: Undeploying web application at '/shopping-cart'
14-Mar-2024 08:42:43.738 INFO [http-nio-9999-exec-22] org.apache.catalina.core.ApplicationContext.log Manager: install: Installing context configuration at 'file:/C:/Users/DINHNG~1/AppData/Local/Temp/context115391465309786925.xml'
14-Mar-2024 08:42:44.259 INFO [http-nio-9999-exec-28] org.apache.catalina.core.ApplicationContext.log Manager: start: Starting web application '/shopping-cart'
14-Mar-2024 08:42:45.908 INFO [http-nio-9999-exec-22] org.apache.catalina.core.ApplicationContext.log Manager: list: Listing contexts for virtual host 'localhost'
14-Mar-2024 08:42:46.515 INFO [http-nio-9999-exec-25] org.apache.catalina.core.ApplicationContext.log Manager: restart: Reloading web application '/shopping-cart'
14-Mar-2024 08:46:42.769 INFO [http-nio-9999-exec-39] org.apache.catalina.core.ApplicationContext.log Manager: list: Listing contexts for virtual host 'localhost'
14-Mar-2024 08:46:42.773 INFO [http-nio-9999-exec-40] org.apache.catalina.core.ApplicationContext.log Manager: list: Listing contexts for virtual host 'localhost'
14-Mar-2024 08:46:42.875 INFO [http-nio-9999-exec-29] org.apache.catalina.core.ApplicationContext.log Manager: undeploy: Undeploying web application at '/shopping-cart'
14-Mar-2024 08:46:43.422 INFO [http-nio-9999-exec-28] org.apache.catalina.core.ApplicationContext.log Manager: install: Installing context configuration at 'file:/C:/Users/DINHNG~1/AppData/Local/Temp/context814128031101660442.xml'
14-Mar-2024 08:46:44.132 INFO [http-nio-9999-exec-36] org.apache.catalina.core.ApplicationContext.log Manager: start: Starting web application '/shopping-cart'
14-Mar-2024 08:46:45.187 INFO [http-nio-9999-exec-38] org.apache.catalina.core.ApplicationContext.log Manager: list: Listing contexts for virtual host 'localhost'
14-Mar-2024 08:46:45.884 INFO [http-nio-9999-exec-31] org.apache.catalina.core.ApplicationContext.log Manager: restart: Reloading web application '/shopping-cart'
14-Mar-2024 08:46:47.026 INFO [http-nio-9999-exec-39] org.apache.catalina.core.ApplicationContext.log Manager: list: Listing contexts for virtual host 'localhost'
14-Mar-2024 08:46:47.225 INFO [http-nio-9999-exec-36] org.apache.catalina.core.ApplicationContext.log Manager: restart: Reloading web application '/shopping-cart'
